[AUTO-SYNC] [INFO] 2025-10-13 22:28:13 [dhis_app.services.auto_sync.scheduler] - AutoSyncScheduler initialisé
[AUTO-SYNC] [INFO] 2025-10-13 23:12:49 [dhis_app.services.auto_sync.scheduler] - AutoSyncScheduler initialisé
[AUTO-SYNC] [INFO] 2025-10-13 23:12:49 [dhis_app.services.auto_sync.scheduler] - 0 configurations démarrées
[AUTO-SYNC] [INFO] 2025-10-13 23:46:16 [dhis_app.services.auto_sync.scheduler] - AutoSyncScheduler initialisé
[AUTO-SYNC] [WARNING] 2025-10-13 23:46:16 [dhis_app.services.auto_sync.scheduler] - Pas de paramètres auto-sync pour Local 97-94
[AUTO-SYNC] [INFO] 2025-10-13 23:46:16 [dhis_app.services.auto_sync.scheduler] - 1 configurations démarrées
[AUTO-SYNC] [INFO] 2025-10-13 23:46:17 [dhis_app.services.auto_sync.scheduler] - AutoSyncScheduler initialisé
[AUTO-SYNC] [WARNING] 2025-10-13 23:46:17 [dhis_app.services.auto_sync.scheduler] - Pas de paramètres auto-sync pour Local 97-94
[AUTO-SYNC] [INFO] 2025-10-13 23:46:17 [dhis_app.services.auto_sync.scheduler] - 1 configurations démarrées
[AUTO-SYNC] [INFO] 2025-10-13 23:49:30 [dhis_app.services.auto_sync.scheduler] - AutoSyncScheduler initialisé
[AUTO-SYNC] [INFO] 2025-10-13 23:49:48 [dhis_app.services.auto_sync.scheduler] - AutoSyncScheduler initialisé
[AUTO-SYNC] [INFO] 2025-10-13 23:51:53 [dhis_app.services.auto_sync.scheduler] - AutoSyncScheduler initialisé
[AUTO-SYNC] [INFO] 2025-10-13 23:51:53 [dhis_app.services.auto_sync.scheduler] - Démarrage de la boucle de monitoring pour Local 97-94
[AUTO-SYNC] [INFO] 2025-10-13 23:51:53 [dhis_app.services.auto_sync.scheduler] - Scheduler démarré pour Local 97-94 (ID: 3)
[AUTO-SYNC] [INFO] 2025-10-13 23:51:53 [dhis_app.services.auto_sync.scheduler] - 1 configurations démarrées
[AUTO-SYNC] [INFO] 2025-10-13 23:51:53 [dhis_app.services.auto_sync.scheduler] - Délai initial de 30s avant la première synchronisation
[AUTO-SYNC] [INFO] 2025-10-13 23:52:03 [dhis_app.services.auto_sync.scheduler] - AutoSyncScheduler initialisé
[AUTO-SYNC] [INFO] 2025-10-14 00:10:00 [dhis_app.services.auto_sync.scheduler] - Redémarrage du scheduler pour la configuration 3
[AUTO-SYNC] [INFO] 2025-10-14 00:10:01 [dhis_app.services.auto_sync.scheduler] - Démarrage de la boucle de monitoring pour Local 97-94
[AUTO-SYNC] [INFO] 2025-10-14 00:10:01 [dhis_app.services.auto_sync.scheduler] - Scheduler démarré pour Local 97-94 (ID: 3)
[AUTO-SYNC] [INFO] 2025-10-14 00:10:01 [dhis_app.services.auto_sync.scheduler] - Délai initial de 30s avant la première synchronisation
[AUTO-SYNC] [INFO] 2025-10-14 00:10:32 [dhis_app.services.auto_sync.change_detector] - Changements détectés pour organisationUnits
[AUTO-SYNC] [INFO] 2025-10-14 00:10:32 [dhis_app.services.auto_sync.change_detector] - Changements détectés pour dataElements
[AUTO-SYNC] [INFO] 2025-10-14 00:10:32 [dhis_app.services.auto_sync.change_detector] - Changements détectés pour indicators
[AUTO-SYNC] [INFO] 2025-10-14 00:10:32 [dhis_app.services.auto_sync.change_detector] - Changements détectés pour programs
[AUTO-SYNC] [INFO] 2025-10-14 00:10:32 [dhis_app.services.auto_sync.change_detector] - Changements détectés pour dataSets
[AUTO-SYNC] [INFO] 2025-10-14 00:10:33 [dhis_app.services.auto_sync.change_detector] - Changements détectés pour categoryOptions
[AUTO-SYNC] [INFO] 2025-10-14 00:10:33 [dhis_app.services.auto_sync.change_detector] - Changements détectés pour categories
[AUTO-SYNC] [INFO] 2025-10-14 00:10:33 [dhis_app.services.auto_sync.change_detector] - Changements détectés pour categoryCombos
[AUTO-SYNC] [WARNING] 2025-10-14 00:10:34 [dhis_app.services.auto_sync.change_detector] - Erreur vérification tracker: code: 409, url: http://localhost:8087/api/trackedEntityInstances.json?skipPaging=false&pageSize=1&totalPages=true, description: {"httpStatus":"Conflict","httpStatusCode":409,"status":"ERROR","message":"Either Program or Tracked entity type should be specified"}
[AUTO-SYNC] [INFO] 2025-10-14 00:10:34 [dhis_app.services.auto_sync.change_detector] - Détection de changements pour Local 87: Métadonnées=True, Données=False
[AUTO-SYNC] [INFO] 2025-10-14 00:10:34 [dhis_app.services.auto_sync.scheduler] - Changements détectés pour Local 97-94: Métadonnées=True, Données=False
[AUTO-SYNC] [INFO] 2025-10-14 00:10:34 [dhis_app.services.auto_sync.lifecycle_manager] - Démarrage de la synchronisation initiale pour Local 97-94
[AUTO-SYNC] [INFO] 2025-10-14 00:10:34 [dhis_app.services.auto_sync.lifecycle_manager] - Étape 1/2: Synchronisation des métadonnées
[AUTO-SYNC] [INFO] 2025-10-14 00:11:12 [dhis_app.services.auto_sync.lifecycle_manager] - Étape 2/2: Synchronisation des données
[AUTO-SYNC] [INFO] 2025-10-14 00:11:21 [dhis_app.services.auto_sync.lifecycle_manager] - Synchronisation initiale terminée avec succès
[AUTO-SYNC] [INFO] 2025-10-14 00:11:21 [dhis_app.services.auto_sync.change_detector] - Toutes les ressources marquées comme vérifiées à 2025-10-14 00:11:21.989529+00:00
[AUTO-SYNC] [INFO] 2025-10-14 00:11:21 [dhis_app.services.auto_sync.scheduler] - Synchronisation réussie pour Local 97-94
[AUTO-SYNC] [INFO] 2025-10-14 00:16:22 [dhis_app.services.auto_sync.change_detector] - Changements détectés pour organisationUnits
[AUTO-SYNC] [INFO] 2025-10-14 00:16:22 [dhis_app.services.auto_sync.change_detector] - Changements détectés pour dataElements
[AUTO-SYNC] [INFO] 2025-10-14 00:16:22 [dhis_app.services.auto_sync.change_detector] - Changements détectés pour indicators
[AUTO-SYNC] [INFO] 2025-10-14 00:16:22 [dhis_app.services.auto_sync.change_detector] - Changements détectés pour programs
[AUTO-SYNC] [INFO] 2025-10-14 00:16:22 [dhis_app.services.auto_sync.change_detector] - Changements détectés pour dataSets
[AUTO-SYNC] [INFO] 2025-10-14 00:16:22 [dhis_app.services.auto_sync.change_detector] - Changements détectés pour categoryOptions
[AUTO-SYNC] [INFO] 2025-10-14 00:16:22 [dhis_app.services.auto_sync.change_detector] - Changements détectés pour categories
[AUTO-SYNC] [INFO] 2025-10-14 00:16:22 [dhis_app.services.auto_sync.change_detector] - Changements détectés pour categoryCombos
[AUTO-SYNC] [WARNING] 2025-10-14 00:16:22 [dhis_app.services.auto_sync.change_detector] - Erreur vérification tracker: code: 409, url: http://localhost:8087/api/trackedEntityInstances.json?skipPaging=false&pageSize=1&totalPages=true&lastUpdatedStartDate=2025-10-14, description: {"httpStatus":"Conflict","httpStatusCode":409,"status":"ERROR","message":"Either Program or Tracked entity type should be specified"}
[AUTO-SYNC] [INFO] 2025-10-14 00:16:22 [dhis_app.services.auto_sync.change_detector] - Détection de changements pour Local 87: Métadonnées=True, Données=True
[AUTO-SYNC] [INFO] 2025-10-14 00:16:22 [dhis_app.services.auto_sync.scheduler] - Changements détectés pour Local 97-94: Métadonnées=True, Données=True
[AUTO-SYNC] [INFO] 2025-10-14 00:16:22 [dhis_app.services.auto_sync.lifecycle_manager] - Démarrage de la synchronisation incrémentale pour Local 97-94
[AUTO-SYNC] [INFO] 2025-10-14 00:16:22 [dhis_app.services.auto_sync.lifecycle_manager] - Synchronisation des métadonnées modifiées
[AUTO-SYNC] [INFO] 2025-10-14 00:16:56 [dhis_app.services.auto_sync.lifecycle_manager] - Synchronisation des données modifiées
[AUTO-SYNC] [INFO] 2025-10-14 00:17:00 [dhis_app.services.auto_sync.lifecycle_manager] - Synchronisation incrémentale réussie
[AUTO-SYNC] [INFO] 2025-10-14 00:17:00 [dhis_app.services.auto_sync.change_detector] - Toutes les ressources marquées comme vérifiées à 2025-10-14 00:17:00.466069+00:00
[AUTO-SYNC] [INFO] 2025-10-14 00:17:00 [dhis_app.services.auto_sync.scheduler] - Synchronisation réussie pour Local 97-94
[AUTO-SYNC] [INFO] 2025-10-14 00:22:00 [dhis_app.services.auto_sync.change_detector] - Changements détectés pour organisationUnits
[AUTO-SYNC] [INFO] 2025-10-14 00:22:00 [dhis_app.services.auto_sync.change_detector] - Changements détectés pour dataElements
[AUTO-SYNC] [INFO] 2025-10-14 00:22:00 [dhis_app.services.auto_sync.change_detector] - Changements détectés pour indicators
[AUTO-SYNC] [INFO] 2025-10-14 00:22:00 [dhis_app.services.auto_sync.change_detector] - Changements détectés pour programs
[AUTO-SYNC] [INFO] 2025-10-14 00:22:00 [dhis_app.services.auto_sync.change_detector] - Changements détectés pour dataSets
[AUTO-SYNC] [INFO] 2025-10-14 00:22:00 [dhis_app.services.auto_sync.change_detector] - Changements détectés pour categoryOptions
[AUTO-SYNC] [INFO] 2025-10-14 00:22:00 [dhis_app.services.auto_sync.change_detector] - Changements détectés pour categories
[AUTO-SYNC] [INFO] 2025-10-14 00:22:00 [dhis_app.services.auto_sync.change_detector] - Changements détectés pour categoryCombos
[AUTO-SYNC] [WARNING] 2025-10-14 00:22:00 [dhis_app.services.auto_sync.change_detector] - Erreur vérification tracker: code: 409, url: http://localhost:8087/api/trackedEntityInstances.json?skipPaging=false&pageSize=1&totalPages=true&lastUpdatedStartDate=2025-10-14, description: {"httpStatus":"Conflict","httpStatusCode":409,"status":"ERROR","message":"Either Program or Tracked entity type should be specified"}
[AUTO-SYNC] [INFO] 2025-10-14 00:22:00 [dhis_app.services.auto_sync.change_detector] - Détection de changements pour Local 87: Métadonnées=True, Données=True
[AUTO-SYNC] [INFO] 2025-10-14 00:22:00 [dhis_app.services.auto_sync.scheduler] - Changements détectés pour Local 97-94: Métadonnées=True, Données=True
[AUTO-SYNC] [INFO] 2025-10-14 00:22:00 [dhis_app.services.auto_sync.lifecycle_manager] - Démarrage de la synchronisation incrémentale pour Local 97-94
[AUTO-SYNC] [INFO] 2025-10-14 00:22:00 [dhis_app.services.auto_sync.lifecycle_manager] - Synchronisation des métadonnées modifiées
[AUTO-SYNC] [INFO] 2025-10-14 00:22:31 [dhis_app.services.auto_sync.lifecycle_manager] - Synchronisation des données modifiées
[AUTO-SYNC] [INFO] 2025-10-14 00:22:36 [dhis_app.services.auto_sync.lifecycle_manager] - Synchronisation incrémentale réussie
[AUTO-SYNC] [INFO] 2025-10-14 00:22:36 [dhis_app.services.auto_sync.change_detector] - Toutes les ressources marquées comme vérifiées à 2025-10-14 00:22:36.265832+00:00
[AUTO-SYNC] [INFO] 2025-10-14 00:22:36 [dhis_app.services.auto_sync.scheduler] - Synchronisation réussie pour Local 97-94
[AUTO-SYNC] [INFO] 2025-10-14 00:27:36 [dhis_app.services.auto_sync.change_detector] - Changements détectés pour organisationUnits
[AUTO-SYNC] [INFO] 2025-10-14 00:27:36 [dhis_app.services.auto_sync.change_detector] - Changements détectés pour dataElements
[AUTO-SYNC] [INFO] 2025-10-14 00:27:36 [dhis_app.services.auto_sync.change_detector] - Changements détectés pour indicators
[AUTO-SYNC] [INFO] 2025-10-14 00:27:36 [dhis_app.services.auto_sync.change_detector] - Changements détectés pour programs
[AUTO-SYNC] [INFO] 2025-10-14 00:27:36 [dhis_app.services.auto_sync.change_detector] - Changements détectés pour dataSets
[AUTO-SYNC] [INFO] 2025-10-14 00:27:36 [dhis_app.services.auto_sync.change_detector] - Changements détectés pour categoryOptions
[AUTO-SYNC] [INFO] 2025-10-14 00:27:36 [dhis_app.services.auto_sync.change_detector] - Changements détectés pour categories
[AUTO-SYNC] [INFO] 2025-10-14 00:27:36 [dhis_app.services.auto_sync.change_detector] - Changements détectés pour categoryCombos
[AUTO-SYNC] [WARNING] 2025-10-14 00:27:36 [dhis_app.services.auto_sync.change_detector] - Erreur vérification tracker: code: 409, url: http://localhost:8087/api/trackedEntityInstances.json?skipPaging=false&pageSize=1&totalPages=true&lastUpdatedStartDate=2025-10-14, description: {"httpStatus":"Conflict","httpStatusCode":409,"status":"ERROR","message":"Either Program or Tracked entity type should be specified"}
[AUTO-SYNC] [INFO] 2025-10-14 00:27:36 [dhis_app.services.auto_sync.change_detector] - Détection de changements pour Local 87: Métadonnées=True, Données=True
[AUTO-SYNC] [INFO] 2025-10-14 00:27:36 [dhis_app.services.auto_sync.scheduler] - Changements détectés pour Local 97-94: Métadonnées=True, Données=True
[AUTO-SYNC] [INFO] 2025-10-14 00:27:36 [dhis_app.services.auto_sync.lifecycle_manager] - Démarrage de la synchronisation incrémentale pour Local 97-94
[AUTO-SYNC] [INFO] 2025-10-14 00:27:36 [dhis_app.services.auto_sync.lifecycle_manager] - Synchronisation des métadonnées modifiées
[AUTO-SYNC] [INFO] 2025-10-14 00:28:25 [dhis_app.services.auto_sync.lifecycle_manager] - Synchronisation des données modifiées
[AUTO-SYNC] [INFO] 2025-10-14 00:28:30 [dhis_app.services.auto_sync.lifecycle_manager] - Synchronisation incrémentale réussie
[AUTO-SYNC] [INFO] 2025-10-14 00:28:30 [dhis_app.services.auto_sync.change_detector] - Toutes les ressources marquées comme vérifiées à 2025-10-14 00:28:30.301437+00:00
[AUTO-SYNC] [INFO] 2025-10-14 00:28:30 [dhis_app.services.auto_sync.scheduler] - Synchronisation réussie pour Local 97-94
[AUTO-SYNC] [INFO] 2025-11-03 08:19:46 [dhis_app.services.auto_sync.scheduler] - AutoSyncScheduler initialisé
[AUTO-SYNC] [INFO] 2025-11-03 08:19:46 [dhis_app.services.auto_sync.scheduler] - Démarrage de la boucle de monitoring pour Local 97-94
[AUTO-SYNC] [INFO] 2025-11-03 08:19:46 [dhis_app.services.auto_sync.scheduler] - Scheduler démarré pour Local 97-94 (ID: 3)
[AUTO-SYNC] [INFO] 2025-11-03 08:19:46 [dhis_app.services.auto_sync.scheduler] - 1 configurations démarrées
[AUTO-SYNC] [INFO] 2025-11-03 08:19:46 [dhis_app.services.auto_sync.scheduler] - Délai initial de 30s avant la première synchronisation
[AUTO-SYNC] [WARNING] 2025-11-03 08:20:16 [dhis_app.services.auto_sync.change_detector] - Erreur lors de la vérification de organisationUnits: HTTPConnectionPool(host='localhost', port=8087): Max retries exceeded with url: /api/organisationUnits.json?fields=id%2ClastUpdated&paging=true&pageSize=1 (Caused by NewConnectionError('<urllib3.connection.HTTPConnection object at 0x7444cbfc0b60>: Failed to establish a new connection: [Errno 111] Connection refused'))
[AUTO-SYNC] [WARNING] 2025-11-03 08:20:16 [dhis_app.services.auto_sync.change_detector] - Erreur lors de la vérification de dataElements: HTTPConnectionPool(host='localhost', port=8087): Max retries exceeded with url: /api/dataElements.json?fields=id%2ClastUpdated&paging=true&pageSize=1 (Caused by NewConnectionError('<urllib3.connection.HTTPConnection object at 0x7444cbfc10d0>: Failed to establish a new connection: [Errno 111] Connection refused'))
[AUTO-SYNC] [WARNING] 2025-11-03 08:20:16 [dhis_app.services.auto_sync.change_detector] - Erreur lors de la vérification de indicators: HTTPConnectionPool(host='localhost', port=8087): Max retries exceeded with url: /api/indicators.json?fields=id%2ClastUpdated&paging=true&pageSize=1 (Caused by NewConnectionError('<urllib3.connection.HTTPConnection object at 0x7444cbfc1430>: Failed to establish a new connection: [Errno 111] Connection refused'))
[AUTO-SYNC] [WARNING] 2025-11-03 08:20:16 [dhis_app.services.auto_sync.change_detector] - Erreur lors de la vérification de programs: HTTPConnectionPool(host='localhost', port=8087): Max retries exceeded with url: /api/programs.json?fields=id%2ClastUpdated&paging=true&pageSize=1 (Caused by NewConnectionError('<urllib3.connection.HTTPConnection object at 0x7444cbf83560>: Failed to establish a new connection: [Errno 111] Connection refused'))
[AUTO-SYNC] [WARNING] 2025-11-03 08:20:16 [dhis_app.services.auto_sync.change_detector] - Erreur lors de la vérification de dataSets: HTTPConnectionPool(host='localhost', port=8087): Max retries exceeded with url: /api/dataSets.json?fields=id%2ClastUpdated&paging=true&pageSize=1 (Caused by NewConnectionError('<urllib3.connection.HTTPConnection object at 0x7444cbf836b0>: Failed to establish a new connection: [Errno 111] Connection refused'))
[AUTO-SYNC] [WARNING] 2025-11-03 08:20:16 [dhis_app.services.auto_sync.change_detector] - Erreur lors de la vérification de categoryOptions: HTTPConnectionPool(host='localhost', port=8087): Max retries exceeded with url: /api/categoryOptions.json?fields=id%2ClastUpdated&paging=true&pageSize=1 (Caused by NewConnectionError('<urllib3.connection.HTTPConnection object at 0x7444cbfc0c50>: Failed to establish a new connection: [Errno 111] Connection refused'))
[AUTO-SYNC] [WARNING] 2025-11-03 08:20:16 [dhis_app.services.auto_sync.change_detector] - Erreur lors de la vérification de categories: HTTPConnectionPool(host='localhost', port=8087): Max retries exceeded with url: /api/categories.json?fields=id%2ClastUpdated&paging=true&pageSize=1 (Caused by NewConnectionError('<urllib3.connection.HTTPConnection object at 0x7444cbfc1610>: Failed to establish a new connection: [Errno 111] Connection refused'))
[AUTO-SYNC] [WARNING] 2025-11-03 08:20:16 [dhis_app.services.auto_sync.change_detector] - Erreur lors de la vérification de categoryCombos: HTTPConnectionPool(host='localhost', port=8087): Max retries exceeded with url: /api/categoryCombos.json?fields=id%2ClastUpdated&paging=true&pageSize=1 (Caused by NewConnectionError('<urllib3.connection.HTTPConnection object at 0x7444cbfc1a60>: Failed to establish a new connection: [Errno 111] Connection refused'))
[AUTO-SYNC] [WARNING] 2025-11-03 08:20:16 [dhis_app.services.auto_sync.change_detector] - Erreur vérification événements: HTTPConnectionPool(host='localhost', port=8087): Max retries exceeded with url: /api/events.json?skipPaging=false&pageSize=1&totalPages=true (Caused by NewConnectionError('<urllib3.connection.HTTPConnection object at 0x7444cbfc1e50>: Failed to establish a new connection: [Errno 111] Connection refused'))
[AUTO-SYNC] [WARNING] 2025-11-03 08:20:16 [dhis_app.services.auto_sync.change_detector] - Erreur vérification tracker: HTTPConnectionPool(host='localhost', port=8087): Max retries exceeded with url: /api/trackedEntityInstances.json?skipPaging=false&pageSize=1&totalPages=true (Caused by NewConnectionError('<urllib3.connection.HTTPConnection object at 0x7444cbfc2210>: Failed to establish a new connection: [Errno 111] Connection refused'))
[AUTO-SYNC] [INFO] 2025-11-03 08:20:16 [dhis_app.services.auto_sync.change_detector] - Détection de changements pour Local 87: Métadonnées=False, Données=False
[AUTO-SYNC] [WARNING] 2025-11-03 08:25:16 [dhis_app.services.auto_sync.change_detector] - Erreur lors de la vérification de organisationUnits: HTTPConnectionPool(host='localhost', port=8087): Max retries exceeded with url: /api/organisationUnits.json?fields=id%2ClastUpdated&paging=true&pageSize=1 (Caused by NewConnectionError('<urllib3.connection.HTTPConnection object at 0x7444cbfc2360>: Failed to establish a new connection: [Errno 111] Connection refused'))
[AUTO-SYNC] [WARNING] 2025-11-03 08:25:16 [dhis_app.services.auto_sync.change_detector] - Erreur lors de la vérification de dataElements: HTTPConnectionPool(host='localhost', port=8087): Max retries exceeded with url: /api/dataElements.json?fields=id%2ClastUpdated&paging=true&pageSize=1 (Caused by NewConnectionError('<urllib3.connection.HTTPConnection object at 0x7444cbfc2ab0>: Failed to establish a new connection: [Errno 111] Connection refused'))
[AUTO-SYNC] [WARNING] 2025-11-03 08:25:16 [dhis_app.services.auto_sync.change_detector] - Erreur lors de la vérification de indicators: HTTPConnectionPool(host='localhost', port=8087): Max retries exceeded with url: /api/indicators.json?fields=id%2ClastUpdated&paging=true&pageSize=1 (Caused by NewConnectionError('<urllib3.connection.HTTPConnection object at 0x7444cbfc2e10>: Failed to establish a new connection: [Errno 111] Connection refused'))
[AUTO-SYNC] [WARNING] 2025-11-03 08:25:16 [dhis_app.services.auto_sync.change_detector] - Erreur lors de la vérification de programs: HTTPConnectionPool(host='localhost', port=8087): Max retries exceeded with url: /api/programs.json?fields=id%2ClastUpdated&paging=true&pageSize=1 (Caused by NewConnectionError('<urllib3.connection.HTTPConnection object at 0x7444cbf83230>: Failed to establish a new connection: [Errno 111] Connection refused'))
[AUTO-SYNC] [WARNING] 2025-11-03 08:25:16 [dhis_app.services.auto_sync.change_detector] - Erreur lors de la vérification de dataSets: HTTPConnectionPool(host='localhost', port=8087): Max retries exceeded with url: /api/dataSets.json?fields=id%2ClastUpdated&paging=true&pageSize=1 (Caused by NewConnectionError('<urllib3.connection.HTTPConnection object at 0x7444cbfc2840>: Failed to establish a new connection: [Errno 111] Connection refused'))
[AUTO-SYNC] [WARNING] 2025-11-03 08:25:16 [dhis_app.services.auto_sync.change_detector] - Erreur lors de la vérification de categoryOptions: HTTPConnectionPool(host='localhost', port=8087): Max retries exceeded with url: /api/categoryOptions.json?fields=id%2ClastUpdated&paging=true&pageSize=1 (Caused by NewConnectionError('<urllib3.connection.HTTPConnection object at 0x7444cbfc2390>: Failed to establish a new connection: [Errno 111] Connection refused'))
[AUTO-SYNC] [WARNING] 2025-11-03 08:25:16 [dhis_app.services.auto_sync.change_detector] - Erreur lors de la vérification de categories: HTTPConnectionPool(host='localhost', port=8087): Max retries exceeded with url: /api/categories.json?fields=id%2ClastUpdated&paging=true&pageSize=1 (Caused by NewConnectionError('<urllib3.connection.HTTPConnection object at 0x7444cbfc1f10>: Failed to establish a new connection: [Errno 111] Connection refused'))
[AUTO-SYNC] [WARNING] 2025-11-03 08:25:16 [dhis_app.services.auto_sync.change_detector] - Erreur lors de la vérification de categoryCombos: HTTPConnectionPool(host='localhost', port=8087): Max retries exceeded with url: /api/categoryCombos.json?fields=id%2ClastUpdated&paging=true&pageSize=1 (Caused by NewConnectionError('<urllib3.connection.HTTPConnection object at 0x7444cbfc1c70>: Failed to establish a new connection: [Errno 111] Connection refused'))
[AUTO-SYNC] [WARNING] 2025-11-03 08:25:16 [dhis_app.services.auto_sync.change_detector] - Erreur vérification événements: HTTPConnectionPool(host='localhost', port=8087): Max retries exceeded with url: /api/events.json?skipPaging=false&pageSize=1&totalPages=true (Caused by NewConnectionError('<urllib3.connection.HTTPConnection object at 0x7444cbfc18e0>: Failed to establish a new connection: [Errno 111] Connection refused'))
[AUTO-SYNC] [WARNING] 2025-11-03 08:25:16 [dhis_app.services.auto_sync.change_detector] - Erreur vérification tracker: HTTPConnectionPool(host='localhost', port=8087): Max retries exceeded with url: /api/trackedEntityInstances.json?skipPaging=false&pageSize=1&totalPages=true (Caused by NewConnectionError('<urllib3.connection.HTTPConnection object at 0x7444cbfc16d0>: Failed to establish a new connection: [Errno 111] Connection refused'))
[AUTO-SYNC] [INFO] 2025-11-03 08:25:16 [dhis_app.services.auto_sync.change_detector] - Détection de changements pour Local 87: Métadonnées=False, Données=False
[AUTO-SYNC] [WARNING] 2025-11-03 08:30:16 [dhis_app.services.auto_sync.change_detector] - Erreur lors de la vérification de organisationUnits: HTTPConnectionPool(host='localhost', port=8087): Max retries exceeded with url: /api/organisationUnits.json?fields=id%2ClastUpdated&paging=true&pageSize=1 (Caused by NewConnectionError('<urllib3.connection.HTTPConnection object at 0x7444cbfc0da0>: Failed to establish a new connection: [Errno 111] Connection refused'))
[AUTO-SYNC] [WARNING] 2025-11-03 08:30:16 [dhis_app.services.auto_sync.change_detector] - Erreur lors de la vérification de dataElements: HTTPConnectionPool(host='localhost', port=8087): Max retries exceeded with url: /api/dataElements.json?fields=id%2ClastUpdated&paging=true&pageSize=1 (Caused by NewConnectionError('<urllib3.connection.HTTPConnection object at 0x7444cbfc3290>: Failed to establish a new connection: [Errno 111] Connection refused'))
[AUTO-SYNC] [WARNING] 2025-11-03 08:30:16 [dhis_app.services.auto_sync.change_detector] - Erreur lors de la vérification de indicators: HTTPConnectionPool(host='localhost', port=8087): Max retries exceeded with url: /api/indicators.json?fields=id%2ClastUpdated&paging=true&pageSize=1 (Caused by NewConnectionError('<urllib3.connection.HTTPConnection object at 0x7444cbfc3650>: Failed to establish a new connection: [Errno 111] Connection refused'))
[AUTO-SYNC] [WARNING] 2025-11-03 08:30:16 [dhis_app.services.auto_sync.change_detector] - Erreur lors de la vérification de programs: HTTPConnectionPool(host='localhost', port=8087): Max retries exceeded with url: /api/programs.json?fields=id%2ClastUpdated&paging=true&pageSize=1 (Caused by NewConnectionError('<urllib3.connection.HTTPConnection object at 0x7444cbfc3a10>: Failed to establish a new connection: [Errno 111] Connection refused'))
[AUTO-SYNC] [WARNING] 2025-11-03 08:30:16 [dhis_app.services.auto_sync.change_detector] - Erreur lors de la vérification de dataSets: HTTPConnectionPool(host='localhost', port=8087): Max retries exceeded with url: /api/dataSets.json?fields=id%2ClastUpdated&paging=true&pageSize=1 (Caused by NewConnectionError('<urllib3.connection.HTTPConnection object at 0x7444cbf83230>: Failed to establish a new connection: [Errno 111] Connection refused'))
[AUTO-SYNC] [WARNING] 2025-11-03 08:30:16 [dhis_app.services.auto_sync.change_detector] - Erreur lors de la vérification de categoryOptions: HTTPConnectionPool(host='localhost', port=8087): Max retries exceeded with url: /api/categoryOptions.json?fields=id%2ClastUpdated&paging=true&pageSize=1 (Caused by NewConnectionError('<urllib3.connection.HTTPConnection object at 0x7444cbfc3200>: Failed to establish a new connection: [Errno 111] Connection refused'))
[AUTO-SYNC] [WARNING] 2025-11-03 08:30:16 [dhis_app.services.auto_sync.change_detector] - Erreur lors de la vérification de categories: HTTPConnectionPool(host='localhost', port=8087): Max retries exceeded with url: /api/categories.json?fields=id%2ClastUpdated&paging=true&pageSize=1 (Caused by NewConnectionError('<urllib3.connection.HTTPConnection object at 0x7444cbfc0c50>: Failed to establish a new connection: [Errno 111] Connection refused'))
[AUTO-SYNC] [WARNING] 2025-11-03 08:30:16 [dhis_app.services.auto_sync.change_detector] - Erreur lors de la vérification de categoryCombos: HTTPConnectionPool(host='localhost', port=8087): Max retries exceeded with url: /api/categoryCombos.json?fields=id%2ClastUpdated&paging=true&pageSize=1 (Caused by NewConnectionError('<urllib3.connection.HTTPConnection object at 0x7444cbfc1100>: Failed to establish a new connection: [Errno 111] Connection refused'))
[AUTO-SYNC] [WARNING] 2025-11-03 08:30:16 [dhis_app.services.auto_sync.change_detector] - Erreur vérification événements: HTTPConnectionPool(host='localhost', port=8087): Max retries exceeded with url: /api/events.json?skipPaging=false&pageSize=1&totalPages=true (Caused by NewConnectionError('<urllib3.connection.HTTPConnection object at 0x7444cbfc1940>: Failed to establish a new connection: [Errno 111] Connection refused'))
[AUTO-SYNC] [WARNING] 2025-11-03 08:30:16 [dhis_app.services.auto_sync.change_detector] - Erreur vérification tracker: HTTPConnectionPool(host='localhost', port=8087): Max retries exceeded with url: /api/trackedEntityInstances.json?skipPaging=false&pageSize=1&totalPages=true (Caused by NewConnectionError('<urllib3.connection.HTTPConnection object at 0x7444cbfc1c10>: Failed to establish a new connection: [Errno 111] Connection refused'))
[AUTO-SYNC] [INFO] 2025-11-03 08:30:16 [dhis_app.services.auto_sync.change_detector] - Détection de changements pour Local 87: Métadonnées=False, Données=False
[AUTO-SYNC] [WARNING] 2025-11-03 08:35:16 [dhis_app.services.auto_sync.change_detector] - Erreur lors de la vérification de organisationUnits: HTTPConnectionPool(host='localhost', port=8087): Max retries exceeded with url: /api/organisationUnits.json?fields=id%2ClastUpdated&paging=true&pageSize=1 (Caused by NewConnectionError('<urllib3.connection.HTTPConnection object at 0x7444cbfc1e80>: Failed to establish a new connection: [Errno 111] Connection refused'))
[AUTO-SYNC] [WARNING] 2025-11-03 08:35:16 [dhis_app.services.auto_sync.change_detector] - Erreur lors de la vérification de dataElements: HTTPConnectionPool(host='localhost', port=8087): Max retries exceeded with url: /api/dataElements.json?fields=id%2ClastUpdated&paging=true&pageSize=1 (Caused by NewConnectionError('<urllib3.connection.HTTPConnection object at 0x7444cbfc1f10>: Failed to establish a new connection: [Errno 111] Connection refused'))
[AUTO-SYNC] [WARNING] 2025-11-03 08:35:16 [dhis_app.services.auto_sync.change_detector] - Erreur lors de la vérification de indicators: HTTPConnectionPool(host='localhost', port=8087): Max retries exceeded with url: /api/indicators.json?fields=id%2ClastUpdated&paging=true&pageSize=1 (Caused by NewConnectionError('<urllib3.connection.HTTPConnection object at 0x7444cbfc2a80>: Failed to establish a new connection: [Errno 111] Connection refused'))
[AUTO-SYNC] [WARNING] 2025-11-03 08:35:16 [dhis_app.services.auto_sync.change_detector] - Erreur lors de la vérification de programs: HTTPConnectionPool(host='localhost', port=8087): Max retries exceeded with url: /api/programs.json?fields=id%2ClastUpdated&paging=true&pageSize=1 (Caused by NewConnectionError('<urllib3.connection.HTTPConnection object at 0x7444cbfc2db0>: Failed to establish a new connection: [Errno 111] Connection refused'))
[AUTO-SYNC] [WARNING] 2025-11-03 08:35:16 [dhis_app.services.auto_sync.change_detector] - Erreur lors de la vérification de dataSets: HTTPConnectionPool(host='localhost', port=8087): Max retries exceeded with url: /api/dataSets.json?fields=id%2ClastUpdated&paging=true&pageSize=1 (Caused by NewConnectionError('<urllib3.connection.HTTPConnection object at 0x7444cbfc3e30>: Failed to establish a new connection: [Errno 111] Connection refused'))
[AUTO-SYNC] [WARNING] 2025-11-03 08:35:16 [dhis_app.services.auto_sync.change_detector] - Erreur lors de la vérification de categoryOptions: HTTPConnectionPool(host='localhost', port=8087): Max retries exceeded with url: /api/categoryOptions.json?fields=id%2ClastUpdated&paging=true&pageSize=1 (Caused by NewConnectionError('<urllib3.connection.HTTPConnection object at 0x7444cbf83230>: Failed to establish a new connection: [Errno 111] Connection refused'))
[AUTO-SYNC] [WARNING] 2025-11-03 08:35:16 [dhis_app.services.auto_sync.change_detector] - Erreur lors de la vérification de categories: HTTPConnectionPool(host='localhost', port=8087): Max retries exceeded with url: /api/categories.json?fields=id%2ClastUpdated&paging=true&pageSize=1 (Caused by NewConnectionError('<urllib3.connection.HTTPConnection object at 0x7444cbfc24b0>: Failed to establish a new connection: [Errno 111] Connection refused'))
[AUTO-SYNC] [WARNING] 2025-11-03 08:35:16 [dhis_app.services.auto_sync.change_detector] - Erreur lors de la vérification de categoryCombos: HTTPConnectionPool(host='localhost', port=8087): Max retries exceeded with url: /api/categoryCombos.json?fields=id%2ClastUpdated&paging=true&pageSize=1 (Caused by NewConnectionError('<urllib3.connection.HTTPConnection object at 0x7444cbfc2480>: Failed to establish a new connection: [Errno 111] Connection refused'))
[AUTO-SYNC] [WARNING] 2025-11-03 08:35:16 [dhis_app.services.auto_sync.change_detector] - Erreur vérification événements: HTTPConnectionPool(host='localhost', port=8087): Max retries exceeded with url: /api/events.json?skipPaging=false&pageSize=1&totalPages=true (Caused by NewConnectionError('<urllib3.connection.HTTPConnection object at 0x7444cbfc2240>: Failed to establish a new connection: [Errno 111] Connection refused'))
[AUTO-SYNC] [WARNING] 2025-11-03 08:35:16 [dhis_app.services.auto_sync.change_detector] - Erreur vérification tracker: HTTPConnectionPool(host='localhost', port=8087): Max retries exceeded with url: /api/trackedEntityInstances.json?skipPaging=false&pageSize=1&totalPages=true (Caused by NewConnectionError('<urllib3.connection.HTTPConnection object at 0x7444cbfc2150>: Failed to establish a new connection: [Errno 111] Connection refused'))
[AUTO-SYNC] [INFO] 2025-11-03 08:35:16 [dhis_app.services.auto_sync.change_detector] - Détection de changements pour Local 87: Métadonnées=False, Données=False
[AUTO-SYNC] [WARNING] 2025-11-03 08:40:16 [dhis_app.services.auto_sync.change_detector] - Erreur lors de la vérification de organisationUnits: HTTPConnectionPool(host='localhost', port=8087): Max retries exceeded with url: /api/organisationUnits.json?fields=id%2ClastUpdated&paging=true&pageSize=1 (Caused by NewConnectionError('<urllib3.connection.HTTPConnection object at 0x7444cbfc1c70>: Failed to establish a new connection: [Errno 111] Connection refused'))
[AUTO-SYNC] [WARNING] 2025-11-03 08:40:16 [dhis_app.services.auto_sync.change_detector] - Erreur lors de la vérification de dataElements: HTTPConnectionPool(host='localhost', port=8087): Max retries exceeded with url: /api/dataElements.json?fields=id%2ClastUpdated&paging=true&pageSize=1 (Caused by NewConnectionError('<urllib3.connection.HTTPConnection object at 0x7444cbfc31a0>: Failed to establish a new connection: [Errno 111] Connection refused'))
[AUTO-SYNC] [WARNING] 2025-11-03 08:40:16 [dhis_app.services.auto_sync.change_detector] - Erreur lors de la vérification de indicators: HTTPConnectionPool(host='localhost', port=8087): Max retries exceeded with url: /api/indicators.json?fields=id%2ClastUpdated&paging=true&pageSize=1 (Caused by NewConnectionError('<urllib3.connection.HTTPConnection object at 0x7444cbfc3560>: Failed to establish a new connection: [Errno 111] Connection refused'))
[AUTO-SYNC] [WARNING] 2025-11-03 08:40:16 [dhis_app.services.auto_sync.change_detector] - Erreur lors de la vérification de programs: HTTPConnectionPool(host='localhost', port=8087): Max retries exceeded with url: /api/programs.json?fields=id%2ClastUpdated&paging=true&pageSize=1 (Caused by NewConnectionError('<urllib3.connection.HTTPConnection object at 0x7444cbfc3680>: Failed to establish a new connection: [Errno 111] Connection refused'))
[AUTO-SYNC] [WARNING] 2025-11-03 08:40:16 [dhis_app.services.auto_sync.change_detector] - Erreur lors de la vérification de dataSets: HTTPConnectionPool(host='localhost', port=8087): Max retries exceeded with url: /api/dataSets.json?fields=id%2ClastUpdated&paging=true&pageSize=1 (Caused by NewConnectionError('<urllib3.connection.HTTPConnection object at 0x7444cbfc34d0>: Failed to establish a new connection: [Errno 111] Connection refused'))
[AUTO-SYNC] [WARNING] 2025-11-03 08:40:16 [dhis_app.services.auto_sync.change_detector] - Erreur lors de la vérification de categoryOptions: HTTPConnectionPool(host='localhost', port=8087): Max retries exceeded with url: /api/categoryOptions.json?fields=id%2ClastUpdated&paging=true&pageSize=1 (Caused by NewConnectionError('<urllib3.connection.HTTPConnection object at 0x7444cbff02c0>: Failed to establish a new connection: [Errno 111] Connection refused'))
[AUTO-SYNC] [WARNING] 2025-11-03 08:40:16 [dhis_app.services.auto_sync.change_detector] - Erreur lors de la vérification de categories: HTTPConnectionPool(host='localhost', port=8087): Max retries exceeded with url: /api/categories.json?fields=id%2ClastUpdated&paging=true&pageSize=1 (Caused by NewConnectionError('<urllib3.connection.HTTPConnection object at 0x7444cbfc25d0>: Failed to establish a new connection: [Errno 111] Connection refused'))
[AUTO-SYNC] [WARNING] 2025-11-03 08:40:16 [dhis_app.services.auto_sync.change_detector] - Erreur lors de la vérification de categoryCombos: HTTPConnectionPool(host='localhost', port=8087): Max retries exceeded with url: /api/categoryCombos.json?fields=id%2ClastUpdated&paging=true&pageSize=1 (Caused by NewConnectionError('<urllib3.connection.HTTPConnection object at 0x7444cbfc36e0>: Failed to establish a new connection: [Errno 111] Connection refused'))
[AUTO-SYNC] [WARNING] 2025-11-03 08:40:16 [dhis_app.services.auto_sync.change_detector] - Erreur vérification événements: HTTPConnectionPool(host='localhost', port=8087): Max retries exceeded with url: /api/events.json?skipPaging=false&pageSize=1&totalPages=true (Caused by NewConnectionError('<urllib3.connection.HTTPConnection object at 0x7444cbfc1100>: Failed to establish a new connection: [Errno 111] Connection refused'))
[AUTO-SYNC] [WARNING] 2025-11-03 08:40:16 [dhis_app.services.auto_sync.change_detector] - Erreur vérification tracker: HTTPConnectionPool(host='localhost', port=8087): Max retries exceeded with url: /api/trackedEntityInstances.json?skipPaging=false&pageSize=1&totalPages=true (Caused by NewConnectionError('<urllib3.connection.HTTPConnection object at 0x7444cbfc1940>: Failed to establish a new connection: [Errno 111] Connection refused'))
[AUTO-SYNC] [INFO] 2025-11-03 08:40:16 [dhis_app.services.auto_sync.change_detector] - Détection de changements pour Local 87: Métadonnées=False, Données=False
[AUTO-SYNC] [WARNING] 2025-11-03 08:45:16 [dhis_app.services.auto_sync.change_detector] - Erreur lors de la vérification de organisationUnits: HTTPConnectionPool(host='localhost', port=8087): Max retries exceeded with url: /api/organisationUnits.json?fields=id%2ClastUpdated&paging=true&pageSize=1 (Caused by NewConnectionError('<urllib3.connection.HTTPConnection object at 0x7444cbfc1c70>: Failed to establish a new connection: [Errno 111] Connection refused'))
[AUTO-SYNC] [WARNING] 2025-11-03 08:45:16 [dhis_app.services.auto_sync.change_detector] - Erreur lors de la vérification de dataElements: HTTPConnectionPool(host='localhost', port=8087): Max retries exceeded with url: /api/dataElements.json?fields=id%2ClastUpdated&paging=true&pageSize=1 (Caused by NewConnectionError('<urllib3.connection.HTTPConnection object at 0x7444cbfc1b20>: Failed to establish a new connection: [Errno 111] Connection refused'))
[AUTO-SYNC] [WARNING] 2025-11-03 08:45:16 [dhis_app.services.auto_sync.change_detector] - Erreur lors de la vérification de indicators: HTTPConnectionPool(host='localhost', port=8087): Max retries exceeded with url: /api/indicators.json?fields=id%2ClastUpdated&paging=true&pageSize=1 (Caused by NewConnectionError('<urllib3.connection.HTTPConnection object at 0x7444cbfc23c0>: Failed to establish a new connection: [Errno 111] Connection refused'))
[AUTO-SYNC] [WARNING] 2025-11-03 08:45:16 [dhis_app.services.auto_sync.change_detector] - Erreur lors de la vérification de programs: HTTPConnectionPool(host='localhost', port=8087): Max retries exceeded with url: /api/programs.json?fields=id%2ClastUpdated&paging=true&pageSize=1 (Caused by NewConnectionError('<urllib3.connection.HTTPConnection object at 0x7444cbfc3b30>: Failed to establish a new connection: [Errno 111] Connection refused'))
[AUTO-SYNC] [WARNING] 2025-11-03 08:45:16 [dhis_app.services.auto_sync.change_detector] - Erreur lors de la vérification de dataSets: HTTPConnectionPool(host='localhost', port=8087): Max retries exceeded with url: /api/dataSets.json?fields=id%2ClastUpdated&paging=true&pageSize=1 (Caused by NewConnectionError('<urllib3.connection.HTTPConnection object at 0x7444cbf836b0>: Failed to establish a new connection: [Errno 111] Connection refused'))
[AUTO-SYNC] [WARNING] 2025-11-03 08:45:16 [dhis_app.services.auto_sync.change_detector] - Erreur lors de la vérification de categoryOptions: HTTPConnectionPool(host='localhost', port=8087): Max retries exceeded with url: /api/categoryOptions.json?fields=id%2ClastUpdated&paging=true&pageSize=1 (Caused by NewConnectionError('<urllib3.connection.HTTPConnection object at 0x7444cbf838f0>: Failed to establish a new connection: [Errno 111] Connection refused'))
[AUTO-SYNC] [WARNING] 2025-11-03 08:45:16 [dhis_app.services.auto_sync.change_detector] - Erreur lors de la vérification de categories: HTTPConnectionPool(host='localhost', port=8087): Max retries exceeded with url: /api/categories.json?fields=id%2ClastUpdated&paging=true&pageSize=1 (Caused by NewConnectionError('<urllib3.connection.HTTPConnection object at 0x7444cbff06e0>: Failed to establish a new connection: [Errno 111] Connection refused'))
[AUTO-SYNC] [WARNING] 2025-11-03 08:45:16 [dhis_app.services.auto_sync.change_detector] - Erreur lors de la vérification de categoryCombos: HTTPConnectionPool(host='localhost', port=8087): Max retries exceeded with url: /api/categoryCombos.json?fields=id%2ClastUpdated&paging=true&pageSize=1 (Caused by NewConnectionError('<urllib3.connection.HTTPConnection object at 0x7444cbf836b0>: Failed to establish a new connection: [Errno 111] Connection refused'))
[AUTO-SYNC] [WARNING] 2025-11-03 08:45:16 [dhis_app.services.auto_sync.change_detector] - Erreur vérification événements: HTTPConnectionPool(host='localhost', port=8087): Max retries exceeded with url: /api/events.json?skipPaging=false&pageSize=1&totalPages=true (Caused by NewConnectionError('<urllib3.connection.HTTPConnection object at 0x7444cbfc28d0>: Failed to establish a new connection: [Errno 111] Connection refused'))
[AUTO-SYNC] [WARNING] 2025-11-03 08:45:16 [dhis_app.services.auto_sync.change_detector] - Erreur vérification tracker: HTTPConnectionPool(host='localhost', port=8087): Max retries exceeded with url: /api/trackedEntityInstances.json?skipPaging=false&pageSize=1&totalPages=true (Caused by NewConnectionError('<urllib3.connection.HTTPConnection object at 0x7444cbfc28a0>: Failed to establish a new connection: [Errno 111] Connection refused'))
[AUTO-SYNC] [INFO] 2025-11-03 08:45:16 [dhis_app.services.auto_sync.change_detector] - Détection de changements pour Local 87: Métadonnées=False, Données=False
