[INFO] 2025-10-14 00:10:34 dhis_app.services.auto_sync.lifecycle_manager lifecycle_manager._execute_initial_sync:159 - Démarrage de la synchronisation initiale pour Local 97-94
[INFO] 2025-10-14 00:10:34 dhis_app.services.auto_sync.lifecycle_manager lifecycle_manager._execute_initial_sync:169 - Étape 1/2: Synchronisation des métadonnées
[INFO] 2025-10-14 00:11:12 dhis_app.services.auto_sync.lifecycle_manager lifecycle_manager._execute_initial_sync:189 - Étape 2/2: Synchronisation des données
[INFO] 2025-10-14 00:11:21 dhis_app.services.auto_sync.lifecycle_manager lifecycle_manager._execute_initial_sync:210 - Synchronisation initiale terminée avec succès
[INFO] 2025-10-14 00:16:22 dhis_app.services.auto_sync.lifecycle_manager lifecycle_manager._execute_incremental_sync:245 - Démarrage de la synchronisation incrémentale pour Local 97-94
[INFO] 2025-10-14 00:16:22 dhis_app.services.auto_sync.lifecycle_manager lifecycle_manager._execute_incremental_sync:256 - Synchronisation des métadonnées modifiées
[INFO] 2025-10-14 00:16:56 dhis_app.services.auto_sync.lifecycle_manager lifecycle_manager._execute_incremental_sync:264 - Synchronisation des données modifiées
[INFO] 2025-10-14 00:17:00 dhis_app.services.auto_sync.lifecycle_manager lifecycle_manager._execute_incremental_sync:301 - Synchronisation incrémentale réussie
[INFO] 2025-10-14 00:22:00 dhis_app.services.auto_sync.lifecycle_manager lifecycle_manager._execute_incremental_sync:245 - Démarrage de la synchronisation incrémentale pour Local 97-94
[INFO] 2025-10-14 00:22:00 dhis_app.services.auto_sync.lifecycle_manager lifecycle_manager._execute_incremental_sync:256 - Synchronisation des métadonnées modifiées
[INFO] 2025-10-14 00:22:31 dhis_app.services.auto_sync.lifecycle_manager lifecycle_manager._execute_incremental_sync:264 - Synchronisation des données modifiées
[INFO] 2025-10-14 00:22:36 dhis_app.services.auto_sync.lifecycle_manager lifecycle_manager._execute_incremental_sync:301 - Synchronisation incrémentale réussie
[INFO] 2025-10-14 00:27:36 dhis_app.services.auto_sync.lifecycle_manager lifecycle_manager._execute_incremental_sync:245 - Démarrage de la synchronisation incrémentale pour Local 97-94
[INFO] 2025-10-14 00:27:36 dhis_app.services.auto_sync.lifecycle_manager lifecycle_manager._execute_incremental_sync:256 - Synchronisation des métadonnées modifiées
[INFO] 2025-10-14 00:28:25 dhis_app.services.auto_sync.lifecycle_manager lifecycle_manager._execute_incremental_sync:264 - Synchronisation des données modifiées
[INFO] 2025-10-14 00:28:30 dhis_app.services.auto_sync.lifecycle_manager lifecycle_manager._execute_incremental_sync:301 - Synchronisation incrémentale réussie
[INFO] 2025-10-14 00:33:30 dhis_app.services.auto_sync.lifecycle_manager lifecycle_manager._execute_incremental_sync:245 - Démarrage de la synchronisation incrémentale pour Local 97-94
[INFO] 2025-10-14 00:33:30 dhis_app.services.auto_sync.lifecycle_manager lifecycle_manager._execute_incremental_sync:256 - Synchronisation des métadonnées modifiées
[INFO] 2025-10-14 00:34:19 dhis_app.services.auto_sync.lifecycle_manager lifecycle_manager._execute_incremental_sync:264 - Synchronisation des données modifiées
[INFO] 2025-10-14 00:34:24 dhis_app.services.auto_sync.lifecycle_manager lifecycle_manager._execute_incremental_sync:301 - Synchronisation incrémentale réussie
[INFO] 2025-10-14 00:39:24 dhis_app.services.auto_sync.lifecycle_manager lifecycle_manager._execute_incremental_sync:245 - Démarrage de la synchronisation incrémentale pour Local 97-94
[INFO] 2025-10-14 00:39:24 dhis_app.services.auto_sync.lifecycle_manager lifecycle_manager._execute_incremental_sync:256 - Synchronisation des métadonnées modifiées
[INFO] 2025-10-14 00:40:14 dhis_app.services.auto_sync.lifecycle_manager lifecycle_manager._execute_incremental_sync:264 - Synchronisation des données modifiées
[INFO] 2025-10-14 00:40:20 dhis_app.services.auto_sync.lifecycle_manager lifecycle_manager._execute_incremental_sync:301 - Synchronisation incrémentale réussie
[INFO] 2025-10-14 00:42:57 dhis_app.services.auto_sync.lifecycle_manager lifecycle_manager._execute_initial_sync:159 - Démarrage de la synchronisation initiale pour Local 97-94
[INFO] 2025-10-14 00:42:57 dhis_app.services.auto_sync.lifecycle_manager lifecycle_manager._execute_initial_sync:169 - Étape 1/2: Synchronisation des métadonnées
[INFO] 2025-10-14 01:16:32 dhis_app.services.auto_sync.lifecycle_manager lifecycle_manager._execute_initial_sync:159 - Démarrage de la synchronisation initiale pour Local 97-94
[INFO] 2025-10-14 01:16:32 dhis_app.services.auto_sync.lifecycle_manager lifecycle_manager._execute_initial_sync:169 - Étape 1/2: Synchronisation des métadonnées
[INFO] 2025-10-14 01:17:17 dhis_app.services.auto_sync.lifecycle_manager lifecycle_manager._execute_initial_sync:189 - Étape 2/2: Synchronisation des données
[INFO] 2025-10-14 01:17:26 dhis_app.services.auto_sync.lifecycle_manager lifecycle_manager._execute_initial_sync:210 - Synchronisation initiale terminée avec succès
[INFO] 2025-10-14 01:19:00 dhis_app.services.auto_sync.lifecycle_manager lifecycle_manager._execute_initial_sync:159 - Démarrage de la synchronisation initiale pour Local 97-94
[INFO] 2025-10-14 01:19:00 dhis_app.services.auto_sync.lifecycle_manager lifecycle_manager._execute_initial_sync:169 - Étape 1/2: Synchronisation des métadonnées
[INFO] 2025-10-14 01:19:49 dhis_app.services.auto_sync.lifecycle_manager lifecycle_manager._execute_initial_sync:189 - Étape 2/2: Synchronisation des données
[INFO] 2025-10-14 01:19:58 dhis_app.services.auto_sync.lifecycle_manager lifecycle_manager._execute_initial_sync:210 - Synchronisation initiale terminée avec succès
[INFO] 2025-10-14 01:22:26 dhis_app.services.auto_sync.lifecycle_manager lifecycle_manager._execute_incremental_sync:245 - Démarrage de la synchronisation incrémentale pour Local 97-94
[INFO] 2025-10-14 01:22:26 dhis_app.services.auto_sync.lifecycle_manager lifecycle_manager._execute_incremental_sync:256 - Synchronisation des métadonnées modifiées
[INFO] 2025-10-14 01:23:14 dhis_app.services.auto_sync.lifecycle_manager lifecycle_manager._execute_incremental_sync:264 - Synchronisation des données modifiées
[INFO] 2025-10-14 01:23:19 dhis_app.services.auto_sync.lifecycle_manager lifecycle_manager._execute_incremental_sync:301 - Synchronisation incrémentale réussie
[INFO] 2025-10-14 01:24:12 dhis_app.services.auto_sync.lifecycle_manager lifecycle_manager._execute_incremental_sync:245 - Démarrage de la synchronisation incrémentale pour Local 97-94
[INFO] 2025-10-14 01:24:12 dhis_app.services.auto_sync.lifecycle_manager lifecycle_manager._execute_incremental_sync:286 - Aucun changement spécifique détecté, synchronisation complète
[INFO] 2025-10-14 01:26:39 dhis_app.services.auto_sync.lifecycle_manager lifecycle_manager._execute_incremental_sync:301 - Synchronisation incrémentale réussie
[INFO] 2025-10-14 01:28:19 dhis_app.services.auto_sync.lifecycle_manager lifecycle_manager._execute_incremental_sync:245 - Démarrage de la synchronisation incrémentale pour Local 97-94
[INFO] 2025-10-14 01:28:19 dhis_app.services.auto_sync.lifecycle_manager lifecycle_manager._execute_incremental_sync:256 - Synchronisation des métadonnées modifiées
[INFO] 2025-10-14 01:29:09 dhis_app.services.auto_sync.lifecycle_manager lifecycle_manager._execute_incremental_sync:264 - Synchronisation des données modifiées
[INFO] 2025-10-14 01:29:14 dhis_app.services.auto_sync.lifecycle_manager lifecycle_manager._execute_incremental_sync:301 - Synchronisation incrémentale réussie
[INFO] 2025-10-14 01:29:51 dhis_app.services.auto_sync.lifecycle_manager lifecycle_manager._execute_incremental_sync:245 - Démarrage de la synchronisation incrémentale pour Local 97-94
[INFO] 2025-10-14 01:29:51 dhis_app.services.auto_sync.lifecycle_manager lifecycle_manager._execute_incremental_sync:256 - Synchronisation des métadonnées modifiées
[INFO] 2025-10-14 01:30:38 dhis_app.services.auto_sync.lifecycle_manager lifecycle_manager._execute_incremental_sync:301 - Synchronisation incrémentale réussie
[INFO] 2025-10-14 01:34:15 dhis_app.services.auto_sync.lifecycle_manager lifecycle_manager._execute_incremental_sync:245 - Démarrage de la synchronisation incrémentale pour Local 97-94
[INFO] 2025-10-14 01:34:15 dhis_app.services.auto_sync.lifecycle_manager lifecycle_manager._execute_incremental_sync:256 - Synchronisation des métadonnées modifiées
[INFO] 2025-10-14 01:34:58 dhis_app.services.auto_sync.lifecycle_manager lifecycle_manager._execute_incremental_sync:264 - Synchronisation des données modifiées
[INFO] 2025-10-14 01:35:01 dhis_app.services.auto_sync.lifecycle_manager lifecycle_manager._execute_incremental_sync:301 - Synchronisation incrémentale réussie
[INFO] 2025-10-14 01:35:38 dhis_app.services.auto_sync.lifecycle_manager lifecycle_manager._execute_incremental_sync:245 - Démarrage de la synchronisation incrémentale pour Local 97-94
[INFO] 2025-10-14 01:35:38 dhis_app.services.auto_sync.lifecycle_manager lifecycle_manager._execute_incremental_sync:256 - Synchronisation des métadonnées modifiées
[INFO] 2025-10-14 01:36:30 dhis_app.services.auto_sync.lifecycle_manager lifecycle_manager._execute_incremental_sync:264 - Synchronisation des données modifiées
[INFO] 2025-10-14 01:38:07 dhis_app.services.auto_sync.lifecycle_manager lifecycle_manager._execute_incremental_sync:301 - Synchronisation incrémentale réussie
[INFO] 2025-10-14 01:40:02 dhis_app.services.auto_sync.lifecycle_manager lifecycle_manager._execute_incremental_sync:245 - Démarrage de la synchronisation incrémentale pour Local 97-94
[INFO] 2025-10-14 01:40:02 dhis_app.services.auto_sync.lifecycle_manager lifecycle_manager._execute_incremental_sync:256 - Synchronisation des métadonnées modifiées
[INFO] 2025-10-14 01:40:48 dhis_app.services.auto_sync.lifecycle_manager lifecycle_manager._execute_incremental_sync:264 - Synchronisation des données modifiées
[INFO] 2025-10-14 01:40:52 dhis_app.services.auto_sync.lifecycle_manager lifecycle_manager._execute_incremental_sync:301 - Synchronisation incrémentale réussie
[INFO] 2025-10-14 01:43:07 dhis_app.services.auto_sync.lifecycle_manager lifecycle_manager._execute_incremental_sync:245 - Démarrage de la synchronisation incrémentale pour Local 97-94
[INFO] 2025-10-14 01:43:07 dhis_app.services.auto_sync.lifecycle_manager lifecycle_manager._execute_incremental_sync:256 - Synchronisation des métadonnées modifiées
[INFO] 2025-10-14 01:43:54 dhis_app.services.auto_sync.lifecycle_manager lifecycle_manager._execute_incremental_sync:264 - Synchronisation des données modifiées
[INFO] 2025-10-14 01:45:30 dhis_app.services.auto_sync.lifecycle_manager lifecycle_manager._execute_incremental_sync:301 - Synchronisation incrémentale réussie
[INFO] 2025-10-14 01:45:52 dhis_app.services.auto_sync.lifecycle_manager lifecycle_manager._execute_incremental_sync:245 - Démarrage de la synchronisation incrémentale pour Local 97-94
[INFO] 2025-10-14 01:45:52 dhis_app.services.auto_sync.lifecycle_manager lifecycle_manager._execute_incremental_sync:256 - Synchronisation des métadonnées modifiées
[INFO] 2025-10-14 01:46:41 dhis_app.services.auto_sync.lifecycle_manager lifecycle_manager._execute_incremental_sync:264 - Synchronisation des données modifiées
[INFO] 2025-10-14 01:46:46 dhis_app.services.auto_sync.lifecycle_manager lifecycle_manager._execute_incremental_sync:301 - Synchronisation incrémentale réussie
[INFO] 2025-10-14 01:50:30 dhis_app.services.auto_sync.lifecycle_manager lifecycle_manager._execute_incremental_sync:245 - Démarrage de la synchronisation incrémentale pour Local 97-94
[INFO] 2025-10-14 01:50:30 dhis_app.services.auto_sync.lifecycle_manager lifecycle_manager._execute_incremental_sync:256 - Synchronisation des métadonnées modifiées
[INFO] 2025-10-14 01:51:20 dhis_app.services.auto_sync.lifecycle_manager lifecycle_manager._execute_incremental_sync:264 - Synchronisation des données modifiées
[INFO] 2025-10-14 01:52:58 dhis_app.services.auto_sync.lifecycle_manager lifecycle_manager._execute_incremental_sync:301 - Synchronisation incrémentale réussie
[INFO] 2025-10-14 01:56:46 dhis_app.services.auto_sync.lifecycle_manager lifecycle_manager._execute_incremental_sync:245 - Démarrage de la synchronisation incrémentale pour Local 97-94
[INFO] 2025-10-14 01:56:46 dhis_app.services.auto_sync.lifecycle_manager lifecycle_manager._execute_incremental_sync:256 - Synchronisation des métadonnées modifiées
[INFO] 2025-10-14 01:57:35 dhis_app.services.auto_sync.lifecycle_manager lifecycle_manager._execute_incremental_sync:264 - Synchronisation des données modifiées
[INFO] 2025-10-14 01:57:40 dhis_app.services.auto_sync.lifecycle_manager lifecycle_manager._execute_incremental_sync:301 - Synchronisation incrémentale réussie
[INFO] 2025-10-14 01:57:59 dhis_app.services.auto_sync.lifecycle_manager lifecycle_manager._execute_incremental_sync:245 - Démarrage de la synchronisation incrémentale pour Local 97-94
[INFO] 2025-10-14 01:57:59 dhis_app.services.auto_sync.lifecycle_manager lifecycle_manager._execute_incremental_sync:256 - Synchronisation des métadonnées modifiées
[INFO] 2025-10-14 01:58:48 dhis_app.services.auto_sync.lifecycle_manager lifecycle_manager._execute_incremental_sync:264 - Synchronisation des données modifiées
[INFO] 2025-10-14 02:00:28 dhis_app.services.auto_sync.lifecycle_manager lifecycle_manager._execute_incremental_sync:301 - Synchronisation incrémentale réussie
[INFO] 2025-10-14 02:02:41 dhis_app.services.auto_sync.lifecycle_manager lifecycle_manager._execute_incremental_sync:245 - Démarrage de la synchronisation incrémentale pour Local 97-94
[INFO] 2025-10-14 02:02:41 dhis_app.services.auto_sync.lifecycle_manager lifecycle_manager._execute_incremental_sync:256 - Synchronisation des métadonnées modifiées
[INFO] 2025-10-14 02:03:29 dhis_app.services.auto_sync.lifecycle_manager lifecycle_manager._execute_incremental_sync:264 - Synchronisation des données modifiées
[INFO] 2025-10-14 02:03:34 dhis_app.services.auto_sync.lifecycle_manager lifecycle_manager._execute_incremental_sync:301 - Synchronisation incrémentale réussie
[INFO] 2025-10-14 02:05:28 dhis_app.services.auto_sync.lifecycle_manager lifecycle_manager._execute_incremental_sync:245 - Démarrage de la synchronisation incrémentale pour Local 97-94
[INFO] 2025-10-14 02:05:28 dhis_app.services.auto_sync.lifecycle_manager lifecycle_manager._execute_incremental_sync:256 - Synchronisation des métadonnées modifiées
[INFO] 2025-10-14 02:06:13 dhis_app.services.auto_sync.lifecycle_manager lifecycle_manager._execute_incremental_sync:264 - Synchronisation des données modifiées
[INFO] 2025-10-14 02:07:49 dhis_app.services.auto_sync.lifecycle_manager lifecycle_manager._execute_incremental_sync:301 - Synchronisation incrémentale réussie
[INFO] 2025-10-14 02:08:34 dhis_app.services.auto_sync.lifecycle_manager lifecycle_manager._execute_incremental_sync:245 - Démarrage de la synchronisation incrémentale pour Local 97-94
[INFO] 2025-10-14 02:08:34 dhis_app.services.auto_sync.lifecycle_manager lifecycle_manager._execute_incremental_sync:256 - Synchronisation des métadonnées modifiées
[INFO] 2025-10-14 02:09:24 dhis_app.services.auto_sync.lifecycle_manager lifecycle_manager._execute_incremental_sync:264 - Synchronisation des données modifiées
[INFO] 2025-10-14 02:09:28 dhis_app.services.auto_sync.lifecycle_manager lifecycle_manager._execute_incremental_sync:301 - Synchronisation incrémentale réussie
[INFO] 2025-10-14 02:12:50 dhis_app.services.auto_sync.lifecycle_manager lifecycle_manager._execute_incremental_sync:245 - Démarrage de la synchronisation incrémentale pour Local 97-94
[INFO] 2025-10-14 02:12:50 dhis_app.services.auto_sync.lifecycle_manager lifecycle_manager._execute_incremental_sync:256 - Synchronisation des métadonnées modifiées
[INFO] 2025-10-14 02:13:41 dhis_app.services.auto_sync.lifecycle_manager lifecycle_manager._execute_incremental_sync:264 - Synchronisation des données modifiées
[INFO] 2025-10-14 02:15:18 dhis_app.services.auto_sync.lifecycle_manager lifecycle_manager._execute_incremental_sync:301 - Synchronisation incrémentale réussie
[INFO] 2025-10-14 02:19:29 dhis_app.services.auto_sync.lifecycle_manager lifecycle_manager._execute_incremental_sync:245 - Démarrage de la synchronisation incrémentale pour Local 97-94
[INFO] 2025-10-14 02:19:29 dhis_app.services.auto_sync.lifecycle_manager lifecycle_manager._execute_incremental_sync:256 - Synchronisation des métadonnées modifiées
[INFO] 2025-10-14 02:20:19 dhis_app.services.auto_sync.lifecycle_manager lifecycle_manager._execute_incremental_sync:264 - Synchronisation des données modifiées
[INFO] 2025-10-14 02:20:22 dhis_app.services.auto_sync.lifecycle_manager lifecycle_manager._execute_incremental_sync:301 - Synchronisation incrémentale réussie
[INFO] 2025-10-14 02:25:18 dhis_app.services.auto_sync.lifecycle_manager lifecycle_manager._execute_incremental_sync:245 - Démarrage de la synchronisation incrémentale pour Local 97-94
[INFO] 2025-10-14 02:25:18 dhis_app.services.auto_sync.lifecycle_manager lifecycle_manager._execute_incremental_sync:256 - Synchronisation des métadonnées modifiées
[INFO] 2025-10-14 02:26:09 dhis_app.services.auto_sync.lifecycle_manager lifecycle_manager._execute_incremental_sync:264 - Synchronisation des données modifiées
[INFO] 2025-10-14 02:27:49 dhis_app.services.auto_sync.lifecycle_manager lifecycle_manager._execute_incremental_sync:301 - Synchronisation incrémentale réussie
[INFO] 2025-10-14 03:20:22 dhis_app.services.auto_sync.lifecycle_manager lifecycle_manager._execute_incremental_sync:245 - Démarrage de la synchronisation incrémentale pour Local 97-94
[INFO] 2025-10-14 03:20:22 dhis_app.services.auto_sync.lifecycle_manager lifecycle_manager._execute_incremental_sync:256 - Synchronisation des métadonnées modifiées
[INFO] 2025-10-14 03:21:15 dhis_app.services.auto_sync.lifecycle_manager lifecycle_manager._execute_incremental_sync:264 - Synchronisation des données modifiées
[INFO] 2025-10-14 03:21:21 dhis_app.services.auto_sync.lifecycle_manager lifecycle_manager._execute_incremental_sync:301 - Synchronisation incrémentale réussie
[INFO] 2025-10-14 03:26:21 dhis_app.services.auto_sync.lifecycle_manager lifecycle_manager._execute_incremental_sync:245 - Démarrage de la synchronisation incrémentale pour Local 97-94
[INFO] 2025-10-14 03:26:21 dhis_app.services.auto_sync.lifecycle_manager lifecycle_manager._execute_incremental_sync:256 - Synchronisation des métadonnées modifiées
[INFO] 2025-10-14 03:27:14 dhis_app.services.auto_sync.lifecycle_manager lifecycle_manager._execute_incremental_sync:264 - Synchronisation des données modifiées
[INFO] 2025-10-14 03:27:20 dhis_app.services.auto_sync.lifecycle_manager lifecycle_manager._execute_incremental_sync:301 - Synchronisation incrémentale réussie
[INFO] 2025-10-14 03:27:49 dhis_app.services.auto_sync.lifecycle_manager lifecycle_manager._execute_incremental_sync:245 - Démarrage de la synchronisation incrémentale pour Local 97-94
[INFO] 2025-10-14 03:27:49 dhis_app.services.auto_sync.lifecycle_manager lifecycle_manager._execute_incremental_sync:256 - Synchronisation des métadonnées modifiées
[INFO] 2025-10-14 03:28:34 dhis_app.services.auto_sync.lifecycle_manager lifecycle_manager._execute_incremental_sync:264 - Synchronisation des données modifiées
[INFO] 2025-10-14 03:30:21 dhis_app.services.auto_sync.lifecycle_manager lifecycle_manager._execute_incremental_sync:301 - Synchronisation incrémentale réussie
[INFO] 2025-10-14 03:32:20 dhis_app.services.auto_sync.lifecycle_manager lifecycle_manager._execute_incremental_sync:245 - Démarrage de la synchronisation incrémentale pour Local 97-94
[INFO] 2025-10-14 03:32:20 dhis_app.services.auto_sync.lifecycle_manager lifecycle_manager._execute_incremental_sync:256 - Synchronisation des métadonnées modifiées
[INFO] 2025-10-14 03:33:13 dhis_app.services.auto_sync.lifecycle_manager lifecycle_manager._execute_incremental_sync:264 - Synchronisation des données modifiées
[INFO] 2025-10-14 03:33:19 dhis_app.services.auto_sync.lifecycle_manager lifecycle_manager._execute_incremental_sync:301 - Synchronisation incrémentale réussie
[INFO] 2025-10-14 03:35:21 dhis_app.services.auto_sync.lifecycle_manager lifecycle_manager._execute_incremental_sync:245 - Démarrage de la synchronisation incrémentale pour Local 97-94
[INFO] 2025-10-14 03:35:21 dhis_app.services.auto_sync.lifecycle_manager lifecycle_manager._execute_incremental_sync:256 - Synchronisation des métadonnées modifiées
[INFO] 2025-10-14 03:36:14 dhis_app.services.auto_sync.lifecycle_manager lifecycle_manager._execute_incremental_sync:264 - Synchronisation des données modifiées
[INFO] 2025-10-14 03:37:54 dhis_app.services.auto_sync.lifecycle_manager lifecycle_manager._execute_incremental_sync:301 - Synchronisation incrémentale réussie
[INFO] 2025-10-14 03:38:19 dhis_app.services.auto_sync.lifecycle_manager lifecycle_manager._execute_incremental_sync:245 - Démarrage de la synchronisation incrémentale pour Local 97-94
[INFO] 2025-10-14 03:38:19 dhis_app.services.auto_sync.lifecycle_manager lifecycle_manager._execute_incremental_sync:256 - Synchronisation des métadonnées modifiées
[INFO] 2025-10-14 03:39:11 dhis_app.services.auto_sync.lifecycle_manager lifecycle_manager._execute_incremental_sync:264 - Synchronisation des données modifiées
[INFO] 2025-10-14 03:39:17 dhis_app.services.auto_sync.lifecycle_manager lifecycle_manager._execute_incremental_sync:301 - Synchronisation incrémentale réussie
[INFO] 2025-10-14 03:42:55 dhis_app.services.auto_sync.lifecycle_manager lifecycle_manager._execute_incremental_sync:245 - Démarrage de la synchronisation incrémentale pour Local 97-94
[INFO] 2025-10-14 03:42:55 dhis_app.services.auto_sync.lifecycle_manager lifecycle_manager._execute_incremental_sync:256 - Synchronisation des métadonnées modifiées
[INFO] 2025-10-14 03:43:48 dhis_app.services.auto_sync.lifecycle_manager lifecycle_manager._execute_incremental_sync:264 - Synchronisation des données modifiées
[INFO] 2025-10-14 03:45:33 dhis_app.services.auto_sync.lifecycle_manager lifecycle_manager._execute_incremental_sync:301 - Synchronisation incrémentale réussie
[INFO] 2025-10-14 03:49:17 dhis_app.services.auto_sync.lifecycle_manager lifecycle_manager._execute_incremental_sync:245 - Démarrage de la synchronisation incrémentale pour Local 97-94
[INFO] 2025-10-14 03:49:17 dhis_app.services.auto_sync.lifecycle_manager lifecycle_manager._execute_incremental_sync:256 - Synchronisation des métadonnées modifiées
[INFO] 2025-10-14 03:50:11 dhis_app.services.auto_sync.lifecycle_manager lifecycle_manager._execute_incremental_sync:264 - Synchronisation des données modifiées
[INFO] 2025-10-14 03:50:17 dhis_app.services.auto_sync.lifecycle_manager lifecycle_manager._execute_incremental_sync:301 - Synchronisation incrémentale réussie
[INFO] 2025-10-14 03:50:33 dhis_app.services.auto_sync.lifecycle_manager lifecycle_manager._execute_incremental_sync:245 - Démarrage de la synchronisation incrémentale pour Local 97-94
[INFO] 2025-10-14 03:50:33 dhis_app.services.auto_sync.lifecycle_manager lifecycle_manager._execute_incremental_sync:256 - Synchronisation des métadonnées modifiées
[INFO] 2025-10-14 03:51:23 dhis_app.services.auto_sync.lifecycle_manager lifecycle_manager._execute_incremental_sync:264 - Synchronisation des données modifiées
[INFO] 2025-10-14 03:53:04 dhis_app.services.auto_sync.lifecycle_manager lifecycle_manager._execute_incremental_sync:301 - Synchronisation incrémentale réussie
[INFO] 2025-10-14 03:55:17 dhis_app.services.auto_sync.lifecycle_manager lifecycle_manager._execute_incremental_sync:245 - Démarrage de la synchronisation incrémentale pour Local 97-94
[INFO] 2025-10-14 03:55:17 dhis_app.services.auto_sync.lifecycle_manager lifecycle_manager._execute_incremental_sync:256 - Synchronisation des métadonnées modifiées
[INFO] 2025-10-14 03:56:12 dhis_app.services.auto_sync.lifecycle_manager lifecycle_manager._execute_incremental_sync:264 - Synchronisation des données modifiées
[INFO] 2025-10-14 03:56:18 dhis_app.services.auto_sync.lifecycle_manager lifecycle_manager._execute_incremental_sync:301 - Synchronisation incrémentale réussie
[INFO] 2025-10-14 03:58:05 dhis_app.services.auto_sync.lifecycle_manager lifecycle_manager._execute_incremental_sync:245 - Démarrage de la synchronisation incrémentale pour Local 97-94
[INFO] 2025-10-14 03:58:05 dhis_app.services.auto_sync.lifecycle_manager lifecycle_manager._execute_incremental_sync:256 - Synchronisation des métadonnées modifiées
[INFO] 2025-10-14 03:58:58 dhis_app.services.auto_sync.lifecycle_manager lifecycle_manager._execute_incremental_sync:264 - Synchronisation des données modifiées
[INFO] 2025-10-14 04:00:40 dhis_app.services.auto_sync.lifecycle_manager lifecycle_manager._execute_incremental_sync:301 - Synchronisation incrémentale réussie
[INFO] 2025-10-14 04:01:18 dhis_app.services.auto_sync.lifecycle_manager lifecycle_manager._execute_incremental_sync:245 - Démarrage de la synchronisation incrémentale pour Local 97-94
[INFO] 2025-10-14 04:01:18 dhis_app.services.auto_sync.lifecycle_manager lifecycle_manager._execute_incremental_sync:256 - Synchronisation des métadonnées modifiées
[INFO] 2025-10-14 04:02:10 dhis_app.services.auto_sync.lifecycle_manager lifecycle_manager._execute_incremental_sync:264 - Synchronisation des données modifiées
[INFO] 2025-10-14 04:02:16 dhis_app.services.auto_sync.lifecycle_manager lifecycle_manager._execute_incremental_sync:301 - Synchronisation incrémentale réussie
[INFO] 2025-10-14 04:05:40 dhis_app.services.auto_sync.lifecycle_manager lifecycle_manager._execute_incremental_sync:245 - Démarrage de la synchronisation incrémentale pour Local 97-94
[INFO] 2025-10-14 04:05:40 dhis_app.services.auto_sync.lifecycle_manager lifecycle_manager._execute_incremental_sync:256 - Synchronisation des métadonnées modifiées
[INFO] 2025-10-14 04:06:32 dhis_app.services.auto_sync.lifecycle_manager lifecycle_manager._execute_incremental_sync:264 - Synchronisation des données modifiées
[INFO] 2025-10-14 04:08:15 dhis_app.services.auto_sync.lifecycle_manager lifecycle_manager._execute_incremental_sync:301 - Synchronisation incrémentale réussie
[INFO] 2025-10-14 04:12:16 dhis_app.services.auto_sync.lifecycle_manager lifecycle_manager._execute_incremental_sync:245 - Démarrage de la synchronisation incrémentale pour Local 97-94
[INFO] 2025-10-14 04:12:16 dhis_app.services.auto_sync.lifecycle_manager lifecycle_manager._execute_incremental_sync:256 - Synchronisation des métadonnées modifiées
[INFO] 2025-10-14 04:13:09 dhis_app.services.auto_sync.lifecycle_manager lifecycle_manager._execute_incremental_sync:264 - Synchronisation des données modifiées
[INFO] 2025-10-14 04:13:15 dhis_app.services.auto_sync.lifecycle_manager lifecycle_manager._execute_incremental_sync:301 - Synchronisation incrémentale réussie
[INFO] 2025-10-14 04:18:15 dhis_app.services.auto_sync.lifecycle_manager lifecycle_manager._execute_incremental_sync:245 - Démarrage de la synchronisation incrémentale pour Local 97-94
[INFO] 2025-10-14 04:18:15 dhis_app.services.auto_sync.lifecycle_manager lifecycle_manager._execute_incremental_sync:256 - Synchronisation des métadonnées modifiées
[INFO] 2025-10-14 04:19:09 dhis_app.services.auto_sync.lifecycle_manager lifecycle_manager._execute_incremental_sync:264 - Synchronisation des données modifiées
[INFO] 2025-10-14 04:20:54 dhis_app.services.auto_sync.lifecycle_manager lifecycle_manager._execute_incremental_sync:301 - Synchronisation incrémentale réussie
[INFO] 2025-10-14 04:23:16 dhis_app.services.auto_sync.lifecycle_manager lifecycle_manager._execute_incremental_sync:245 - Démarrage de la synchronisation incrémentale pour Local 97-94
[INFO] 2025-10-14 04:23:16 dhis_app.services.auto_sync.lifecycle_manager lifecycle_manager._execute_incremental_sync:256 - Synchronisation des métadonnées modifiées
[INFO] 2025-10-14 04:24:08 dhis_app.services.auto_sync.lifecycle_manager lifecycle_manager._execute_incremental_sync:264 - Synchronisation des données modifiées
[INFO] 2025-10-14 04:24:14 dhis_app.services.auto_sync.lifecycle_manager lifecycle_manager._execute_incremental_sync:301 - Synchronisation incrémentale réussie
[INFO] 2025-10-14 04:25:55 dhis_app.services.auto_sync.lifecycle_manager lifecycle_manager._execute_incremental_sync:245 - Démarrage de la synchronisation incrémentale pour Local 97-94
[INFO] 2025-10-14 04:25:55 dhis_app.services.auto_sync.lifecycle_manager lifecycle_manager._execute_incremental_sync:256 - Synchronisation des métadonnées modifiées
[INFO] 2025-10-14 04:26:48 dhis_app.services.auto_sync.lifecycle_manager lifecycle_manager._execute_incremental_sync:264 - Synchronisation des données modifiées
[INFO] 2025-10-14 04:28:30 dhis_app.services.auto_sync.lifecycle_manager lifecycle_manager._execute_incremental_sync:301 - Synchronisation incrémentale réussie
[INFO] 2025-10-14 04:29:14 dhis_app.services.auto_sync.lifecycle_manager lifecycle_manager._execute_incremental_sync:245 - Démarrage de la synchronisation incrémentale pour Local 97-94
[INFO] 2025-10-14 04:29:14 dhis_app.services.auto_sync.lifecycle_manager lifecycle_manager._execute_incremental_sync:256 - Synchronisation des métadonnées modifiées
[INFO] 2025-10-14 04:30:06 dhis_app.services.auto_sync.lifecycle_manager lifecycle_manager._execute_incremental_sync:264 - Synchronisation des données modifiées
[INFO] 2025-10-14 04:30:12 dhis_app.services.auto_sync.lifecycle_manager lifecycle_manager._execute_incremental_sync:301 - Synchronisation incrémentale réussie
[INFO] 2025-10-14 04:33:30 dhis_app.services.auto_sync.lifecycle_manager lifecycle_manager._execute_incremental_sync:245 - Démarrage de la synchronisation incrémentale pour Local 97-94
[INFO] 2025-10-14 04:33:30 dhis_app.services.auto_sync.lifecycle_manager lifecycle_manager._execute_incremental_sync:256 - Synchronisation des métadonnées modifiées
[INFO] 2025-10-14 04:34:23 dhis_app.services.auto_sync.lifecycle_manager lifecycle_manager._execute_incremental_sync:264 - Synchronisation des données modifiées
[INFO] 2025-10-14 04:36:07 dhis_app.services.auto_sync.lifecycle_manager lifecycle_manager._execute_incremental_sync:301 - Synchronisation incrémentale réussie
[INFO] 2025-10-14 04:41:07 dhis_app.services.auto_sync.lifecycle_manager lifecycle_manager._execute_incremental_sync:245 - Démarrage de la synchronisation incrémentale pour Local 97-94
[INFO] 2025-10-14 04:41:07 dhis_app.services.auto_sync.lifecycle_manager lifecycle_manager._execute_incremental_sync:256 - Synchronisation des métadonnées modifiées
[INFO] 2025-10-14 04:42:00 dhis_app.services.auto_sync.lifecycle_manager lifecycle_manager._execute_incremental_sync:264 - Synchronisation des données modifiées
[INFO] 2025-10-14 04:43:45 dhis_app.services.auto_sync.lifecycle_manager lifecycle_manager._execute_incremental_sync:301 - Synchronisation incrémentale réussie
[INFO] 2025-10-14 05:30:12 dhis_app.services.auto_sync.lifecycle_manager lifecycle_manager._execute_incremental_sync:245 - Démarrage de la synchronisation incrémentale pour Local 97-94
[INFO] 2025-10-14 05:30:12 dhis_app.services.auto_sync.lifecycle_manager lifecycle_manager._execute_incremental_sync:256 - Synchronisation des métadonnées modifiées
[INFO] 2025-10-14 05:31:05 dhis_app.services.auto_sync.lifecycle_manager lifecycle_manager._execute_incremental_sync:264 - Synchronisation des données modifiées
[INFO] 2025-10-14 05:31:10 dhis_app.services.auto_sync.lifecycle_manager lifecycle_manager._execute_incremental_sync:301 - Synchronisation incrémentale réussie
[INFO] 2025-10-14 05:36:10 dhis_app.services.auto_sync.lifecycle_manager lifecycle_manager._execute_incremental_sync:245 - Démarrage de la synchronisation incrémentale pour Local 97-94
[INFO] 2025-10-14 05:36:10 dhis_app.services.auto_sync.lifecycle_manager lifecycle_manager._execute_incremental_sync:256 - Synchronisation des métadonnées modifiées
[INFO] 2025-10-14 05:37:03 dhis_app.services.auto_sync.lifecycle_manager lifecycle_manager._execute_incremental_sync:264 - Synchronisation des données modifiées
[INFO] 2025-10-14 05:37:09 dhis_app.services.auto_sync.lifecycle_manager lifecycle_manager._execute_incremental_sync:301 - Synchronisation incrémentale réussie
[INFO] 2025-10-14 05:42:10 dhis_app.services.auto_sync.lifecycle_manager lifecycle_manager._execute_incremental_sync:245 - Démarrage de la synchronisation incrémentale pour Local 97-94
[INFO] 2025-10-14 05:42:10 dhis_app.services.auto_sync.lifecycle_manager lifecycle_manager._execute_incremental_sync:256 - Synchronisation des métadonnées modifiées
[INFO] 2025-10-14 05:43:04 dhis_app.services.auto_sync.lifecycle_manager lifecycle_manager._execute_incremental_sync:264 - Synchronisation des données modifiées
[INFO] 2025-10-14 05:43:10 dhis_app.services.auto_sync.lifecycle_manager lifecycle_manager._execute_incremental_sync:301 - Synchronisation incrémentale réussie
[INFO] 2025-10-14 05:43:46 dhis_app.services.auto_sync.lifecycle_manager lifecycle_manager._execute_incremental_sync:245 - Démarrage de la synchronisation incrémentale pour Local 97-94
[INFO] 2025-10-14 05:43:46 dhis_app.services.auto_sync.lifecycle_manager lifecycle_manager._execute_incremental_sync:256 - Synchronisation des métadonnées modifiées
[INFO] 2025-10-14 05:44:40 dhis_app.services.auto_sync.lifecycle_manager lifecycle_manager._execute_incremental_sync:264 - Synchronisation des données modifiées
[INFO] 2025-10-14 05:46:26 dhis_app.services.auto_sync.lifecycle_manager lifecycle_manager._execute_incremental_sync:301 - Synchronisation incrémentale réussie
[INFO] 2025-10-14 05:48:10 dhis_app.services.auto_sync.lifecycle_manager lifecycle_manager._execute_incremental_sync:245 - Démarrage de la synchronisation incrémentale pour Local 97-94
[INFO] 2025-10-14 05:48:10 dhis_app.services.auto_sync.lifecycle_manager lifecycle_manager._execute_incremental_sync:256 - Synchronisation des métadonnées modifiées
[INFO] 2025-10-14 05:49:04 dhis_app.services.auto_sync.lifecycle_manager lifecycle_manager._execute_incremental_sync:264 - Synchronisation des données modifiées
[INFO] 2025-10-14 05:49:10 dhis_app.services.auto_sync.lifecycle_manager lifecycle_manager._execute_incremental_sync:301 - Synchronisation incrémentale réussie
[INFO] 2025-10-14 05:51:26 dhis_app.services.auto_sync.lifecycle_manager lifecycle_manager._execute_incremental_sync:245 - Démarrage de la synchronisation incrémentale pour Local 97-94
[INFO] 2025-10-14 05:51:26 dhis_app.services.auto_sync.lifecycle_manager lifecycle_manager._execute_incremental_sync:256 - Synchronisation des métadonnées modifiées
[INFO] 2025-10-14 05:52:19 dhis_app.services.auto_sync.lifecycle_manager lifecycle_manager._execute_incremental_sync:264 - Synchronisation des données modifiées
[INFO] 2025-10-14 05:54:04 dhis_app.services.auto_sync.lifecycle_manager lifecycle_manager._execute_incremental_sync:301 - Synchronisation incrémentale réussie
[INFO] 2025-10-14 05:54:10 dhis_app.services.auto_sync.lifecycle_manager lifecycle_manager._execute_incremental_sync:245 - Démarrage de la synchronisation incrémentale pour Local 97-94
[INFO] 2025-10-14 05:54:10 dhis_app.services.auto_sync.lifecycle_manager lifecycle_manager._execute_incremental_sync:256 - Synchronisation des métadonnées modifiées
[INFO] 2025-10-14 05:55:02 dhis_app.services.auto_sync.lifecycle_manager lifecycle_manager._execute_incremental_sync:264 - Synchronisation des données modifiées
[INFO] 2025-10-14 05:55:08 dhis_app.services.auto_sync.lifecycle_manager lifecycle_manager._execute_incremental_sync:301 - Synchronisation incrémentale réussie
[INFO] 2025-10-14 05:59:04 dhis_app.services.auto_sync.lifecycle_manager lifecycle_manager._execute_incremental_sync:245 - Démarrage de la synchronisation incrémentale pour Local 97-94
[INFO] 2025-10-14 05:59:04 dhis_app.services.auto_sync.lifecycle_manager lifecycle_manager._execute_incremental_sync:256 - Synchronisation des métadonnées modifiées
[INFO] 2025-10-14 05:59:58 dhis_app.services.auto_sync.lifecycle_manager lifecycle_manager._execute_incremental_sync:264 - Synchronisation des données modifiées
[INFO] 2025-10-14 06:01:43 dhis_app.services.auto_sync.lifecycle_manager lifecycle_manager._execute_incremental_sync:301 - Synchronisation incrémentale réussie
[INFO] 2025-10-14 06:05:08 dhis_app.services.auto_sync.lifecycle_manager lifecycle_manager._execute_incremental_sync:245 - Démarrage de la synchronisation incrémentale pour Local 97-94
[INFO] 2025-10-14 06:05:08 dhis_app.services.auto_sync.lifecycle_manager lifecycle_manager._execute_incremental_sync:256 - Synchronisation des métadonnées modifiées
[INFO] 2025-10-14 06:06:00 dhis_app.services.auto_sync.lifecycle_manager lifecycle_manager._execute_incremental_sync:264 - Synchronisation des données modifiées
[INFO] 2025-10-14 06:06:06 dhis_app.services.auto_sync.lifecycle_manager lifecycle_manager._execute_incremental_sync:301 - Synchronisation incrémentale réussie
[INFO] 2025-10-14 06:06:44 dhis_app.services.auto_sync.lifecycle_manager lifecycle_manager._execute_incremental_sync:245 - Démarrage de la synchronisation incrémentale pour Local 97-94
[INFO] 2025-10-14 06:06:44 dhis_app.services.auto_sync.lifecycle_manager lifecycle_manager._execute_incremental_sync:256 - Synchronisation des métadonnées modifiées
[INFO] 2025-10-14 06:07:37 dhis_app.services.auto_sync.lifecycle_manager lifecycle_manager._execute_incremental_sync:264 - Synchronisation des données modifiées
[INFO] 2025-10-14 06:09:21 dhis_app.services.auto_sync.lifecycle_manager lifecycle_manager._execute_incremental_sync:301 - Synchronisation incrémentale réussie
[INFO] 2025-10-14 06:11:06 dhis_app.services.auto_sync.lifecycle_manager lifecycle_manager._execute_incremental_sync:245 - Démarrage de la synchronisation incrémentale pour Local 97-94
[INFO] 2025-10-14 06:11:06 dhis_app.services.auto_sync.lifecycle_manager lifecycle_manager._execute_incremental_sync:256 - Synchronisation des métadonnées modifiées
[INFO] 2025-10-14 06:12:03 dhis_app.services.auto_sync.lifecycle_manager lifecycle_manager._execute_incremental_sync:264 - Synchronisation des données modifiées
[INFO] 2025-10-14 06:12:09 dhis_app.services.auto_sync.lifecycle_manager lifecycle_manager._execute_incremental_sync:301 - Synchronisation incrémentale réussie
[INFO] 2025-10-14 06:14:22 dhis_app.services.auto_sync.lifecycle_manager lifecycle_manager._execute_incremental_sync:245 - Démarrage de la synchronisation incrémentale pour Local 97-94
[INFO] 2025-10-14 06:14:22 dhis_app.services.auto_sync.lifecycle_manager lifecycle_manager._execute_incremental_sync:256 - Synchronisation des métadonnées modifiées
[INFO] 2025-10-14 06:15:14 dhis_app.services.auto_sync.lifecycle_manager lifecycle_manager._execute_incremental_sync:264 - Synchronisation des données modifiées
[INFO] 2025-10-14 06:17:02 dhis_app.services.auto_sync.lifecycle_manager lifecycle_manager._execute_incremental_sync:301 - Synchronisation incrémentale réussie
[INFO] 2025-10-14 06:17:09 dhis_app.services.auto_sync.lifecycle_manager lifecycle_manager._execute_incremental_sync:245 - Démarrage de la synchronisation incrémentale pour Local 97-94
[INFO] 2025-10-14 06:17:09 dhis_app.services.auto_sync.lifecycle_manager lifecycle_manager._execute_incremental_sync:256 - Synchronisation des métadonnées modifiées
[INFO] 2025-10-14 06:18:03 dhis_app.services.auto_sync.lifecycle_manager lifecycle_manager._execute_incremental_sync:264 - Synchronisation des données modifiées
[INFO] 2025-10-14 06:18:09 dhis_app.services.auto_sync.lifecycle_manager lifecycle_manager._execute_incremental_sync:301 - Synchronisation incrémentale réussie
[INFO] 2025-10-14 06:22:02 dhis_app.services.auto_sync.lifecycle_manager lifecycle_manager._execute_incremental_sync:245 - Démarrage de la synchronisation incrémentale pour Local 97-94
[INFO] 2025-10-14 06:22:02 dhis_app.services.auto_sync.lifecycle_manager lifecycle_manager._execute_incremental_sync:256 - Synchronisation des métadonnées modifiées
[INFO] 2025-10-14 06:22:55 dhis_app.services.auto_sync.lifecycle_manager lifecycle_manager._execute_incremental_sync:264 - Synchronisation des données modifiées
[INFO] 2025-10-14 06:24:41 dhis_app.services.auto_sync.lifecycle_manager lifecycle_manager._execute_incremental_sync:301 - Synchronisation incrémentale réussie
[INFO] 2025-10-14 06:28:09 dhis_app.services.auto_sync.lifecycle_manager lifecycle_manager._execute_incremental_sync:245 - Démarrage de la synchronisation incrémentale pour Local 97-94
[INFO] 2025-10-14 06:28:09 dhis_app.services.auto_sync.lifecycle_manager lifecycle_manager._execute_incremental_sync:256 - Synchronisation des métadonnées modifiées
[INFO] 2025-10-14 06:29:01 dhis_app.services.auto_sync.lifecycle_manager lifecycle_manager._execute_incremental_sync:264 - Synchronisation des données modifiées
[INFO] 2025-10-14 06:29:06 dhis_app.services.auto_sync.lifecycle_manager lifecycle_manager._execute_incremental_sync:301 - Synchronisation incrémentale réussie
[INFO] 2025-10-14 06:29:41 dhis_app.services.auto_sync.lifecycle_manager lifecycle_manager._execute_incremental_sync:245 - Démarrage de la synchronisation incrémentale pour Local 97-94
[INFO] 2025-10-14 06:29:41 dhis_app.services.auto_sync.lifecycle_manager lifecycle_manager._execute_incremental_sync:256 - Synchronisation des métadonnées modifiées
[INFO] 2025-10-14 06:30:34 dhis_app.services.auto_sync.lifecycle_manager lifecycle_manager._execute_incremental_sync:264 - Synchronisation des données modifiées
[INFO] 2025-10-14 06:32:16 dhis_app.services.auto_sync.lifecycle_manager lifecycle_manager._execute_incremental_sync:301 - Synchronisation incrémentale réussie
[INFO] 2025-10-14 06:34:07 dhis_app.services.auto_sync.lifecycle_manager lifecycle_manager._execute_incremental_sync:245 - Démarrage de la synchronisation incrémentale pour Local 97-94
[INFO] 2025-10-14 06:34:07 dhis_app.services.auto_sync.lifecycle_manager lifecycle_manager._execute_incremental_sync:256 - Synchronisation des métadonnées modifiées
[INFO] 2025-10-14 06:35:00 dhis_app.services.auto_sync.lifecycle_manager lifecycle_manager._execute_incremental_sync:264 - Synchronisation des données modifiées
[INFO] 2025-10-14 06:35:05 dhis_app.services.auto_sync.lifecycle_manager lifecycle_manager._execute_incremental_sync:301 - Synchronisation incrémentale réussie
[INFO] 2025-10-14 06:37:17 dhis_app.services.auto_sync.lifecycle_manager lifecycle_manager._execute_incremental_sync:245 - Démarrage de la synchronisation incrémentale pour Local 97-94
[INFO] 2025-10-14 06:37:17 dhis_app.services.auto_sync.lifecycle_manager lifecycle_manager._execute_incremental_sync:256 - Synchronisation des métadonnées modifiées
[INFO] 2025-10-14 06:38:10 dhis_app.services.auto_sync.lifecycle_manager lifecycle_manager._execute_incremental_sync:264 - Synchronisation des données modifiées
[INFO] 2025-10-14 06:39:57 dhis_app.services.auto_sync.lifecycle_manager lifecycle_manager._execute_incremental_sync:301 - Synchronisation incrémentale réussie
[INFO] 2025-10-14 06:44:57 dhis_app.services.auto_sync.lifecycle_manager lifecycle_manager._execute_incremental_sync:245 - Démarrage de la synchronisation incrémentale pour Local 97-94
[INFO] 2025-10-14 06:44:57 dhis_app.services.auto_sync.lifecycle_manager lifecycle_manager._execute_incremental_sync:256 - Synchronisation des métadonnées modifiées
[INFO] 2025-10-14 06:45:51 dhis_app.services.auto_sync.lifecycle_manager lifecycle_manager._execute_incremental_sync:264 - Synchronisation des données modifiées
[INFO] 2025-10-14 06:47:35 dhis_app.services.auto_sync.lifecycle_manager lifecycle_manager._execute_incremental_sync:301 - Synchronisation incrémentale réussie
[INFO] 2025-10-14 06:52:36 dhis_app.services.auto_sync.lifecycle_manager lifecycle_manager._execute_incremental_sync:245 - Démarrage de la synchronisation incrémentale pour Local 97-94
[INFO] 2025-10-14 06:52:36 dhis_app.services.auto_sync.lifecycle_manager lifecycle_manager._execute_incremental_sync:256 - Synchronisation des métadonnées modifiées
[INFO] 2025-10-14 06:53:29 dhis_app.services.auto_sync.lifecycle_manager lifecycle_manager._execute_incremental_sync:264 - Synchronisation des données modifiées
[INFO] 2025-10-14 06:55:15 dhis_app.services.auto_sync.lifecycle_manager lifecycle_manager._execute_incremental_sync:301 - Synchronisation incrémentale réussie
[INFO] 2025-10-14 07:35:06 dhis_app.services.auto_sync.lifecycle_manager lifecycle_manager._execute_incremental_sync:245 - Démarrage de la synchronisation incrémentale pour Local 97-94
[INFO] 2025-10-14 07:35:06 dhis_app.services.auto_sync.lifecycle_manager lifecycle_manager._execute_incremental_sync:256 - Synchronisation des métadonnées modifiées
[INFO] 2025-10-14 07:35:59 dhis_app.services.auto_sync.lifecycle_manager lifecycle_manager._execute_incremental_sync:264 - Synchronisation des données modifiées
[INFO] 2025-10-14 07:36:05 dhis_app.services.auto_sync.lifecycle_manager lifecycle_manager._execute_incremental_sync:301 - Synchronisation incrémentale réussie
[INFO] 2025-10-14 07:41:05 dhis_app.services.auto_sync.lifecycle_manager lifecycle_manager._execute_incremental_sync:245 - Démarrage de la synchronisation incrémentale pour Local 97-94
[INFO] 2025-10-14 07:41:05 dhis_app.services.auto_sync.lifecycle_manager lifecycle_manager._execute_incremental_sync:256 - Synchronisation des métadonnées modifiées
[INFO] 2025-10-27 11:59:28 dhis_app.services.auto_sync.lifecycle_manager lifecycle_manager._execute_initial_sync:159 - Démarrage de la synchronisation initiale pour Local 97-94
[INFO] 2025-10-27 11:59:28 dhis_app.services.auto_sync.lifecycle_manager lifecycle_manager._execute_initial_sync:169 - Étape 1/2: Synchronisation des métadonnées
[INFO] 2025-10-27 11:59:29 dhis_app.services.auto_sync.lifecycle_manager lifecycle_manager._enter_cooldown:396 - Cooldown activé jusqu'à 2025-10-27 12:29:29.405838+00:00
[INFO] 2025-10-27 14:15:19 dhis_app.services.auto_sync.lifecycle_manager lifecycle_manager._execute_initial_sync:159 - Démarrage de la synchronisation initiale pour PROD-20
[INFO] 2025-10-27 14:15:19 dhis_app.services.auto_sync.lifecycle_manager lifecycle_manager._execute_initial_sync:169 - Étape 1/2: Synchronisation des métadonnées
[INFO] 2025-10-27 14:19:05 dhis_app.services.auto_sync.lifecycle_manager lifecycle_manager._execute_initial_sync:189 - Étape 2/2: Synchronisation des données
[INFO] 2025-10-27 14:36:29 dhis_app.services.auto_sync.lifecycle_manager lifecycle_manager._execute_initial_sync:210 - Synchronisation initiale terminée avec succès
[INFO] 2025-10-27 16:48:26 dhis_app.services.auto_sync.lifecycle_manager lifecycle_manager._execute_initial_sync:159 - Démarrage de la synchronisation initiale pour Local 97-94
[INFO] 2025-10-27 16:48:26 dhis_app.services.auto_sync.lifecycle_manager lifecycle_manager._execute_initial_sync:169 - Étape 1/2: Synchronisation des métadonnées
[INFO] 2025-10-27 16:48:26 dhis_app.services.auto_sync.lifecycle_manager lifecycle_manager._enter_cooldown:396 - Cooldown activé jusqu'à 2025-10-27 17:18:26.300982+00:00
